Oh no.
Error running app. If you need help, try the Streamlit docs and forums.

[     UTC     ] Logs for smart-tracker-drcm8pku22faqv8knhg5rf.streamlit.app/

────────────────────────────────────────────────────────────────────────────────────────

[00:20:32] 🚀 Starting up repository: 'smart-tracker', branch: 'main', main module: 'smarttracker/app/app_streamlit.py'

[00:20:32] 🐙 Cloning repository...

[00:20:34] 🐙 Cloning into '/mount/src/smart-tracker'...

[00:20:34] 🐙 Cloned repository!

[00:20:34] 🐙 Pulling code changes from Github...

[00:20:35] 📦 Processing dependencies...


──────────────────────────────────────── uv ───────────────────────────────────────────


Using uv pip install.

Using Python 3.13.8 environment at /home/adminuser/venv

Resolved 43 packages in 403ms

Prepared 43 packages in 1.66s

Installed 43 packages in 108ms

 + altair==5.5.0

 + attrs==25.4.0

 + blinker==1.9.0

 + cachetools==6.2.0

 + certifi==2025.10.5

 + charset-normalizer==3.4.3

 + click==8.3.0

 + gitdb==4.0.12

 + gitpython==3.1.45

 + idna==3.10

 [2025-10-09 00:20:37.951907] + jinja2==3.1.6

 + jsonschema==4.25.1

 + jsonschema-specifications==2025.9.1

 + markdown-it-py==4.0.0

 + markupsafe==3.0.3

 + mdurl==0.1.2

 + narwhals==2.7.0

 + numpy==[2025-10-09 00:20:37.952265] 2.3.3

 + packaging==25.0

 + pandas==2.3.3

 + pillow==11.3.0

 + protobuf==6.32.1

 + pyarrow==21.0.0

 + pydeck==0.9.1

 +[2025-10-09 00:20:37.952488]  pygments==2.19.2

 + python-dateutil==2.9.0.post0

 + pytz==2025.2

 + referencing==0.36.2

 [2025-10-09 00:20:37.952680] + requests==2.32.5

 + rich==14.1.0

 + rpds-py==0.27.1

 + shellingham==1.5.4

 + six==1.17.0

 + [2025-10-09 00:20:37.952869] smmap==5.0.2

 + streamlit==1.50.0

 + tenacity==9.1.2

 + toml==0.10.2

 + tornado==6.5.2

 + typer==0.19.2

 [2025-10-09 00:20:37.953059] + typing-extensions==4.15.0

 + tzdata==2025.2

 + urllib3==2.5.0

 + watchdog==6.0.0

Checking if Streamlit is installed

Found Streamlit version 1.50.0 in the environment

Installing rich for an improved exception logging

Using uv pip install.

Using Python 3.13.8 environment at /home/adminuser/venv

Audited 1 package in 3ms


────────────────────────────────────────────────────────────────────────────────────────


[00:20:40] 🐍 Python dependencies were installed from /mount/src/smart-tracker/requirements.txt using uv.

Check if streamlit is installed

Streamlit is already installed

[00:20:41] 📦 Processed dependencies!




[00:27:48] 🐙 Pulling code changes from Github...

[00:27:49] 📦 Processing dependencies...

[00:27:49] 📦 Processed dependencies!

[00:27:50] 🔄 Updated app!

────────────────────── Traceback (most recent call last) ───────────────────────

  /home/adminuser/venv/lib/python3.13/site-packages/streamlit/runtime/state/se  

  ssion_state.py:469 in __getitem__                                             

                                                                                

  /home/adminuser/venv/lib/python3.13/site-packages/streamlit/runtime/state/se  

  ssion_state.py:517 in _getitem                                                

────────────────────────────────────────────────────────────────────────────────

KeyError


During handling of the above exception, another exception occurred:


────────────────────── Traceback (most recent call last) ───────────────────────

  /home/adminuser/venv/lib/python3.13/site-packages/streamlit/runtime/state/se  

  ssion_state_proxy.py:130 in __getattr__                                       

                                                                                

  /home/adminuser/venv/lib/python3.13/site-packages/streamlit/runtime/state/se  

  ssion_state_proxy.py:101 in __getitem__                                       

                                                                                

  /home/adminuser/venv/lib/python3.13/site-packages/streamlit/runtime/state/sa  

  fe_session_state.py:104 in __getitem__                                        

                                                                                

  /home/adminuser/venv/lib/python3.13/site-packages/streamlit/runtime/state/se  

  ssion_state.py:471 in __getitem__                                             

────────────────────────────────────────────────────────────────────────────────

KeyError: 'st.session_state has no key "tech_stack". Did you forget to 

initialize it? More info: 

https://docs.streamlit.io/develop/concepts/architecture/session-state#initializa

tion'


During handling of the above exception, another exception occurred:


────────────────────── Traceback (most recent call last) ───────────────────────

  /home/adminuser/venv/lib/python3.13/site-packages/streamlit/runtime/scriptru  

  nner/exec_code.py:128 in exec_func_with_error_handling                        

                                                                                

  /home/adminuser/venv/lib/python3.13/site-packages/streamlit/runtime/scriptru  

  nner/script_runner.py:669 in code_to_exec                                     

                                                                                

  /mount/src/smart-tracker/smarttracker/app/app_streamlit.py:1374 in <module>   

                                                                                

    1371 │   │   │   │   │   │   │   │   │   │   st.error("Already exists!")    

    1372 │   │   │   │   │   │                                                  

    1373 │   │   │   │   │   │   st.markdown("---")                             

  ❱ 1374 │   │   │   │   │   │   st.markdown("**Change Category**")             

    1375 │   │   │   │   │   │   current_category = tech.get('category', '❓ U  

    1376 │   │   │   │   │   │   all_cats = st.session_state.storage.get_all_c  

    1377 │   │   │   │   │   │   current_category_index = all_cats.index(curre  

                                                                                

  /mount/src/smart-tracker/smarttracker/app/app_streamlit.py:1367 in main       

                                                                                

    1364 │   │   │   │   │   │   with col_cat_btn:                              

    1365 │   │   │   │   │   │   │   if st.button("➕", key=f"inline_cat_btn_{  

    1366 │   │   │   │   │   │   │   │   if new_cat_inline and new_cat_inline.  

  ❱ 1367 │   │   │   │   │   │   │   │   │   if st.session_state.storage.add_c  

    1368 │   │   │   │   │   │   │   │   │   │   st.success(f"✅ Added: {new_c  

    1369 │   │   │   │   │   │   │   │   │   │   st.rerun()                     

    1370 │   │   │   │   │   │   │   │   │   else:                              

                                                                                

  /mount/src/smart-tracker/smarttracker/app/app_streamlit.py:1047 in            

  show_learning_tracker                                                         

                                                                                

    1044 │   │   │   unique_dates = len(set(recent_dates))                      

    1045 │   │   │   st.metric("Unique Learning Days", unique_dates)            

    1046 │   │   else:                                                          

  ❱ 1047 │   │   │   st.metric("Learning Streak", "0 days")                     

    1048 │                                                                      

    1049 │   # Technology Cards - Expandable view                               

    1050 │   st.markdown("---")                                                 

                                                                                

  /home/adminuser/venv/lib/python3.13/site-packages/streamlit/runtime/state/se  

  ssion_state_proxy.py:132 in __getattr__                                       

────────────────────────────────────────────────────────────────────────────────

AttributeError: st.session_state has no attribute "tech_stack". Did you forget 

to initialize it? More info: 

https://docs.streamlit.io/develop/concepts/architecture/session-state#initializa

tion

────────────────────── Traceback (most recent call last) ───────────────────────

  /home/adminuser/venv/lib/python3.13/site-packages/streamlit/runtime/state/se  

  ssion_state.py:469 in __getitem__                                             

                                                                                

  /home/adminuser/venv/lib/python3.13/site-packages/streamlit/runtime/state/se  

  ssion_state.py:517 in _getitem                                                

────────────────────────────────────────────────────────────────────────────────

KeyError


During handling of the above exception, another exception occurred:


────────────────────── Traceback (most recent call last) ───────────────────────

  /home/adminuser/venv/lib/python3.13/site-packages/streamlit/runtime/state/se  

  ssion_state_proxy.py:130 in __getattr__                                       

                                                                                

  /home/adminuser/venv/lib/python3.13/site-packages/streamlit/runtime/state/se  

  ssion_state_proxy.py:101 in __getitem__                                       

                                                                                

  /home/adminuser/venv/lib/python3.13/site-packages/streamlit/runtime/state/sa  

  fe_session_state.py:104 in __getitem__                                        

                                                                                

  /home/adminuser/venv/lib/python3.13/site-packages/streamlit/runtime/state/se  

  ssion_state.py:471 in __getitem__                                             

────────────────────────────────────────────────────────────────────────────────

KeyError: 'st.session_state has no key "tech_stack". Did you forget to 

initialize it? More info: 

https://docs.streamlit.io/develop/concepts/architecture/session-state#initializa

tion'


During handling of the above exception, another exception occurred:


────────────────────── Traceback (most recent call last) ───────────────────────

  /home/adminuser/venv/lib/python3.13/site-packages/streamlit/runtime/scriptru  

  nner/exec_code.py:128 in exec_func_with_error_handling                        

                                                                                

  /home/adminuser/venv/lib/python3.13/site-packages/streamlit/runtime/scriptru  

  nner/script_runner.py:669 in code_to_exec                                     

                                                                                

  /mount/src/smart-tracker/smarttracker/app/app_streamlit.py:1374 in <module>   

                                                                                

    1371 │   │   show_planning_page()                                           

    1372                                                                        

    1373 if __name__ == "__main__":                                             

  ❱ 1374 │   main()                                                             

    1375                                                                        

                                                                                

  /mount/src/smart-tracker/smarttracker/app/app_streamlit.py:1367 in main       

                                                                                

    1364 │   elif st.session_state.current_page == "clean_dashboard":           

    1365 │   │   show_clean_dashboard()                                         

    1366 │   elif st.session_state.current_page == "learning_tracker":          

  ❱ 1367 │   │   show_learning_tracker()                                        

    1368 │   elif st.session_state.current_page == "tech_stack":                

    1369 │   │   show_tech_stack_page()                                         

    1370 │   elif st.session_state.current_page == "planning":                  

                                                                                

  /mount/src/smart-tracker/smarttracker/app/app_streamlit.py:1047 in            

  show_learning_tracker                                                         

                                                                                

    1044 │   │   │   │   │   st.error("Please enter a category name.")          

    1045 │   │                                                                  

    1046 │   │   # Get available technologies from tech stack                   

  ❱ 1047 │   │   tech_list = get_tech_list(st.session_state.tech_stack)         

    1048 │   │                                                                  

    1049 │   │   with st.form("smart_tracker_form"):                            

    1050 │   │   │   # Form fields matching the desktop app                     

                                                                                

  /home/adminuser/venv/lib/python3.13/site-packages/streamlit/runtime/state/se  

  ssion_state_proxy.py:132 in __getattr__                                       

────────────────────────────────────────────────────────────────────────────────

AttributeError: st.session_state has no attribute "tech_stack". Did you forget 

to initialize it? More info: 

https://docs.streamlit.io/develop/concepts/architecture/session-state#initializa

tion

────────────────────── Traceback (most recent call last) ───────────────────────

  /home/adminuser/venv/lib/python3.13/site-packages/streamlit/runtime/state/se  

  ssion_state.py:469 in __getitem__                                             

                                                                                

  /home/adminuser/venv/lib/python3.13/site-packages/streamlit/runtime/state/se  

  ssion_state.py:517 in _getitem                                                

────────────────────────────────────────────────────────────────────────────────

KeyError


During handling of the above exception, another exception occurred:


────────────────────── Traceback (most recent call last) ───────────────────────

  /home/adminuser/venv/lib/python3.13/site-packages/streamlit/runtime/state/se  

  ssion_state_proxy.py:130 in __getattr__                                       

                                                                                

  /home/adminuser/venv/lib/python3.13/site-packages/streamlit/runtime/state/se  

  ssion_state_proxy.py:101 in __getitem__                                       

                                                                                

  /home/adminuser/venv/lib/python3.13/site-packages/streamlit/runtime/state/sa  

  fe_session_state.py:104 in __getitem__                                        

                                                                                

  /home/adminuser/venv/lib/python3.13/site-packages/streamlit/runtime/state/se  

  ssion_state.py:471 in __getitem__                                             

────────────────────────────────────────────────────────────────────────────────

KeyError: 'st.session_state has no key "tech_stack". Did you forget to 

initialize it? More info: 

https://docs.streamlit.io/develop/concepts/architecture/session-state#initializa

tion'


During handling of the above exception, another exception occurred:


────────────────────── Traceback (most recent call last) ───────────────────────

  /home/adminuser/venv/lib/python3.13/site-packages/streamlit/runtime/scriptru  

  nner/exec_code.py:128 in exec_func_with_error_handling                        

                                                                                

  /home/adminuser/venv/lib/python3.13/site-packages/streamlit/runtime/scriptru  

  nner/script_runner.py:669 in code_to_exec                                     

                                                                                

  /mount/src/smart-tracker/smarttracker/app/app_streamlit.py:1374 in <module>   

                                                                                

    1371 │   │   show_planning_page()                                           

    1372                                                                        

    1373 if __name__ == "__main__":                                             

  ❱ 1374 │   main()                                                             

    1375                                                                        

                                                                                

  /mount/src/smart-tracker/smarttracker/app/app_streamlit.py:1367 in main       

                                                                                

    1364 │   elif st.session_state.current_page == "clean_dashboard":           

    1365 │   │   show_clean_dashboard()                                         

    1366 │   elif st.session_state.current_page == "learning_tracker":          

  ❱ 1367 │   │   show_learning_tracker()                                        

    1368 │   elif st.session_state.current_page == "tech_stack":                

    1369 │   │   show_tech_stack_page()                                         

    1370 │   elif st.session_state.current_page == "planning":                  

                                                                                

  /mount/src/smart-tracker/smarttracker/app/app_streamlit.py:1047 in            

  show_learning_tracker                                                         

                                                                                

    1044 │   │   │   │   │   st.error("Please enter a category name.")          

    1045 │   │                                                                  

    1046 │   │   # Get available technologies from tech stack                   

  ❱ 1047 │   │   tech_list = get_tech_list(st.session_state.tech_stack)         

    1048 │   │                                                                  

    1049 │   │   with st.form("smart_tracker_form"):                            

    1050 │   │   │   # Form fields matching the desktop app                     

                                                                                

  /home/adminuser/venv/lib/python3.13/site-packages/streamlit/runtime/state/se  

  ssion_state_proxy.py:132 in __getattr__                                       

────────────────────────────────────────────────────────────────────────────────

AttributeError: st.session_state has no attribute "tech_stack". Did you forget 

to initialize it? More info: 

https://docs.streamlit.io/develop/concepts/architecture/session-state#initializa

tion

────────────────────── Traceback (most recent call last) ───────────────────────

  /home/adminuser/venv/lib/python3.13/site-packages/streamlit/runtime/state/se  

  ssion_state.py:469 in __getitem__                                             

                                                                                

  /home/adminuser/venv/lib/python3.13/site-packages/streamlit/runtime/state/se  

  ssion_state.py:517 in _getitem                                                

────────────────────────────────────────────────────────────────────────────────

KeyError


During handling of the above exception, another exception occurred:


────────────────────── Traceback (most recent call last) ───────────────────────

  /home/adminuser/venv/lib/python3.13/site-packages/streamlit/runtime/state/se  

  ssion_state_proxy.py:130 in __getattr__                                       

                                                                                

  /home/adminuser/venv/lib/python3.13/site-packages/streamlit/runtime/state/se  

  ssion_state_proxy.py:101 in __getitem__                                       

                                                                                

  /home/adminuser/venv/lib/python3.13/site-packages/streamlit/runtime/state/sa  

  fe_session_state.py:104 in __getitem__                                        

                                                                                

  /home/adminuser/venv/lib/python3.13/site-packages/streamlit/runtime/state/se  

  ssion_state.py:471 in __getitem__                                             

────────────────────────────────────────────────────────────────────────────────

KeyError: 'st.session_state has no key "tech_stack". Did you forget to 

initialize it? More info: 

https://docs.streamlit.io/develop/concepts/architecture/session-state#initializa

tion'


During handling of the above exception, another exception occurred:


────────────────────── Traceback (most recent call last) ───────────────────────

  /home/adminuser/venv/lib/python3.13/site-packages/streamlit/runtime/scriptru  

  nner/exec_code.py:128 in exec_func_with_error_handling                        

                                                                                

  /home/adminuser/venv/lib/python3.13/site-packages/streamlit/runtime/scriptru  

  nner/script_runner.py:669 in code_to_exec                                     

                                                                                

  /mount/src/smart-tracker/smarttracker/app/app_streamlit.py:1374 in <module>   

                                                                                

    1371 │   │   show_planning_page()                                           

    1372                                                                        

    1373 if __name__ == "__main__":                                             

  ❱ 1374 │   main()                                                             

    1375                                                                        

                                                                                

  /mount/src/smart-tracker/smarttracker/app/app_streamlit.py:1367 in main       

                                                                                

    1364 │   elif st.session_state.current_page == "clean_dashboard":           

    1365 │   │   show_clean_dashboard()                                         

    1366 │   elif st.session_state.current_page == "learning_tracker":          

  ❱ 1367 │   │   show_learning_tracker()                                        

    1368 │   elif st.session_state.current_page == "tech_stack":                

    1369 │   │   show_tech_stack_page()                                         

    1370 │   elif st.session_state.current_page == "planning":                  

                                                                                

  /mount/src/smart-tracker/smarttracker/app/app_streamlit.py:1047 in            

  show_learning_tracker                                                         

                                                                                

    1044 │   │   │   │   │   st.error("Please enter a category name.")          

    1045 │   │                                                                  

    1046 │   │   # Get available technologies from tech stack                   

  ❱ 1047 │   │   tech_list = get_tech_list(st.session_state.tech_stack)         

    1048 │   │                                                                  

    1049 │   │   with st.form("smart_tracker_form"):                            

    1050 │   │   │   # Form fields matching the desktop app                     

                                                                                

  /home/adminuser/venv/lib/python3.13/site-packages/streamlit/runtime/state/se  

  ssion_state_proxy.py:132 in __getattr__                                       

────────────────────────────────────────────────────────────────────────────────

AttributeError: st.session_state has no attribute "tech_stack". Did you forget 

to initialize it? More info: 

https://docs.streamlit.io/develop/concepts/architecture/session-state#initializa

tion

────────────────────── Traceback (most recent call last) ───────────────────────

  /home/adminuser/venv/lib/python3.13/site-packages/streamlit/runtime/state/se  

  ssion_state.py:469 in __getitem__                                             

                                                                                

  /home/adminuser/venv/lib/python3.13/site-packages/streamlit/runtime/state/se  

  ssion_state.py:517 in _getitem                                                

────────────────────────────────────────────────────────────────────────────────

KeyError


During handling of the above exception, another exception occurred:


────────────────────── Traceback (most recent call last) ───────────────────────

  /home/adminuser/venv/lib/python3.13/site-packages/streamlit/runtime/state/se  

  ssion_state_proxy.py:130 in __getattr__                                       

                                                                                

  /home/adminuser/venv/lib/python3.13/site-packages/streamlit/runtime/state/se  

  ssion_state_proxy.py:101 in __getitem__                                       

                                                                                

  /home/adminuser/venv/lib/python3.13/site-packages/streamlit/runtime/state/sa  

  fe_session_state.py:104 in __getitem__                                        

                                                                                

  /home/adminuser/venv/lib/python3.13/site-packages/streamlit/runtime/state/se  

  ssion_state.py:471 in __getitem__                                             

────────────────────────────────────────────────────────────────────────────────

KeyError: 'st.session_state has no key "tech_stack". Did you forget to 

initialize it? More info: 

https://docs.streamlit.io/develop/concepts/architecture/session-state#initializa

tion'


During handling of the above exception, another exception occurred:


────────────────────── Traceback (most recent call last) ───────────────────────

  /home/adminuser/venv/lib/python3.13/site-packages/streamlit/runtime/scriptru  

  nner/exec_code.py:128 in exec_func_with_error_handling                        

                                                                                

  /home/adminuser/venv/lib/python3.13/site-packages/streamlit/runtime/scriptru  

  nner/script_runner.py:669 in code_to_exec                                     

                                                                                

  /mount/src/smart-tracker/smarttracker/app/app_streamlit.py:1374 in <module>   

                                                                                

    1371 │   │   show_planning_page()                                           

    1372                                                                        

    1373 if __name__ == "__main__":                                             

  ❱ 1374 │   main()                                                             

    1375                                                                        

                                                                                

  /mount/src/smart-tracker/smarttracker/app/app_streamlit.py:1371 in main       

                                                                                

    1368 │   elif st.session_state.current_page == "tech_stack":                

    1369 │   │   show_tech_stack_page()                                         

    1370 │   elif st.session_state.current_page == "planning":                  

  ❱ 1371 │   │   show_planning_page()                                           

    1372                                                                        

    1373 if __name__ == "__main__":                                             

    1374 │   main()                                                             

                                                                                

  /mount/src/smart-tracker/smarttracker/app/app_streamlit.py:904 in             

  show_planning_page                                                            

                                                                                

     901 │   st.markdown("---")                                                 

     902 │                                                                      

     903 │   # Group technologies by category                                   

  ❱  904 │   tech_stack = st.session_state.tech_stack                           

     905 │   learning_sessions = st.session_state.learning_sessions             

     906 │                                                                      

     907 │   if not tech_stack:                                                 

                                                                                

  /home/adminuser/venv/lib/python3.13/site-packages/streamlit/runtime/state/se  

  ssion_state_proxy.py:132 in __getattr__                                       

────────────────────────────────────────────────────────────────────────────────

AttributeError: st.session_state has no attribute "tech_stack". Did you forget 

to initialize it? More info: 

https://docs.streamlit.io/develop/concepts/architecture/session-state#initializa

tion

────────────────────── Traceback (most recent call last) ───────────────────────

  /home/adminuser/venv/lib/python3.13/site-packages/streamlit/runtime/state/se  

  ssion_state.py:469 in __getitem__                                             

                                                                                

  /home/adminuser/venv/lib/python3.13/site-packages/streamlit/runtime/state/se  

  ssion_state.py:517 in _getitem                                                

────────────────────────────────────────────────────────────────────────────────

KeyError


During handling of the above exception, another exception occurred:


────────────────────── Traceback (most recent call last) ───────────────────────

  /home/adminuser/venv/lib/python3.13/site-packages/streamlit/runtime/state/se  

  ssion_state_proxy.py:130 in __getattr__                                       

                                                                                

  /home/adminuser/venv/lib/python3.13/site-packages/streamlit/runtime/state/se  

  ssion_state_proxy.py:101 in __getitem__                                       

                                                                                

  /home/adminuser/venv/lib/python3.13/site-packages/streamlit/runtime/state/sa  

  fe_session_state.py:104 in __getitem__                                        

                                                                                

  /home/adminuser/venv/lib/python3.13/site-packages/streamlit/runtime/state/se  

  ssion_state.py:471 in __getitem__                                             

────────────────────────────────────────────────────────────────────────────────

KeyError: 'st.session_state has no key "tech_stack". Did you forget to 

initialize it? More info: 

https://docs.streamlit.io/develop/concepts/architecture/session-state#initializa

tion'


During handling of the above exception, another exception occurred:


────────────────────── Traceback (most recent call last) ───────────────────────

  /home/adminuser/venv/lib/python3.13/site-packages/streamlit/runtime/scriptru  

  nner/exec_code.py:128 in exec_func_with_error_handling                        

                                                                                

  /home/adminuser/venv/lib/python3.13/site-packages/streamlit/runtime/scriptru  

  nner/script_runner.py:669 in code_to_exec                                     

                                                                                

  /mount/src/smart-tracker/smarttracker/app/app_streamlit.py:1374 in <module>   

                                                                                

    1371 │   │   show_planning_page()                                           

    1372                                                                        

    1373 if __name__ == "__main__":                                             

  ❱ 1374 │   main()                                                             

    1375                                                                        

                                                                                

  /mount/src/smart-tracker/smarttracker/app/app_streamlit.py:1371 in main       

                                                                                

    1368 │   elif st.session_state.current_page == "tech_stack":                

    1369 │   │   show_tech_stack_page()                                         

    1370 │   elif st.session_state.current_page == "planning":                  

  ❱ 1371 │   │   show_planning_page()                                           

    1372                                                                        

    1373 if __name__ == "__main__":                                             

    1374 │   main()                                                             

                                                                                

  /mount/src/smart-tracker/smarttracker/app/app_streamlit.py:904 in             

  show_planning_page                                                            

                                                                                

     901 │   st.markdown("---")                                                 

     902 │                                                                      

     903 │   # Group technologies by category                                   

  ❱  904 │   tech_stack = st.session_state.tech_stack                           

     905 │   learning_sessions = st.session_state.learning_sessions             

     906 │                                                                      

     907 │   if not tech_stack:                                                 

                                                                                

  /home/adminuser/venv/lib/python3.13/site-packages/streamlit/runtime/state/se  

  ssion_state_proxy.py:132 in __getattr__                                       

────────────────────────────────────────────────────────────────────────────────

AttributeError: st.session_state has no attribute "tech_stack". Did you forget 

to initialize it? More info: 

https://docs.streamlit.io/develop/concepts/architecture/session-state#initializa

tion

────────────────────── Traceback (most recent call last) ───────────────────────

  /home/adminuser/venv/lib/python3.13/site-packages/streamlit/runtime/state/se  

  ssion_state.py:469 in __getitem__                                             

                                                                                

  /home/adminuser/venv/lib/python3.13/site-packages/streamlit/runtime/state/se  

  ssion_state.py:517 in _getitem                                                

────────────────────────────────────────────────────────────────────────────────

KeyError


During handling of the above exception, another exception occurred:


────────────────────── Traceback (most recent call last) ───────────────────────

  /home/adminuser/venv/lib/python3.13/site-packages/streamlit/runtime/state/se  

  ssion_state_proxy.py:130 in __getattr__                                       

                                                                                

  /home/adminuser/venv/lib/python3.13/site-packages/streamlit/runtime/state/se  

  ssion_state_proxy.py:101 in __getitem__                                       

                                                                                

  /home/adminuser/venv/lib/python3.13/site-packages/streamlit/runtime/state/sa  

  fe_session_state.py:104 in __getitem__                                        

                                                                                

  /home/adminuser/venv/lib/python3.13/site-packages/streamlit/runtime/state/se  

  ssion_state.py:471 in __getitem__                                             

────────────────────────────────────────────────────────────────────────────────

KeyError: 'st.session_state has no key "tech_stack". Did you forget to 

initialize it? More info: 

https://docs.streamlit.io/develop/concepts/architecture/session-state#initializa

tion'


During handling of the above exception, another exception occurred:


────────────────────── Traceback (most recent call last) ───────────────────────

  /home/adminuser/venv/lib/python3.13/site-packages/streamlit/runtime/scriptru  

  nner/exec_code.py:128 in exec_func_with_error_handling                        

                                                                                

  /home/adminuser/venv/lib/python3.13/site-packages/streamlit/runtime/scriptru  

  nner/script_runner.py:669 in code_to_exec                                     

                                                                                

  /mount/src/smart-tracker/smarttracker/app/app_streamlit.py:1374 in <module>   

                                                                                

    1371 │   │   show_planning_page()                                           

    1372                                                                        

    1373 if __name__ == "__main__":                                             

  ❱ 1374 │   main()                                                             

    1375                                                                        

                                                                                

  /mount/src/smart-tracker/smarttracker/app/app_streamlit.py:1371 in main       

                                                                                

    1368 │   elif st.session_state.current_page == "tech_stack":                

    1369 │   │   show_tech_stack_page()                                         

    1370 │   elif st.session_state.current_page == "planning":                  

  ❱ 1371 │   │   show_planning_page()                                           

    1372                                                                        

    1373 if __name__ == "__main__":                                             

    1374 │   main()                                                             

                                                                                

  /mount/src/smart-tracker/smarttracker/app/app_streamlit.py:904 in             

  show_planning_page                                                            

                                                                                

     901 │   st.markdown("---")                                                 

     902 │                                                                      

     903 │   # Group technologies by category                                   

  ❱  904 │   tech_stack = st.session_state.tech_stack                           

     905 │   learning_sessions = st.session_state.learning_sessions             

     906 │                                                                      

     907 │   if not tech_stack:                                                 

                                                                                

  /home/adminuser/venv/lib/python3.13/site-packages/streamlit/runtime/state/se  

  ssion_state_proxy.py:132 in __getattr__                                       

────────────────────────────────────────────────────────────────────────────────

AttributeError: st.session_state has no attribute "tech_stack". Did you forget 

to initialize it? More info: 

https://docs.streamlit.io/develop/concepts/architecture/session-state#initializa

tion

────────────────────── Traceback (most recent call last) ───────────────────────

  /home/adminuser/venv/lib/python3.13/site-packages/streamlit/runtime/state/se  

  ssion_state.py:469 in __getitem__                                             

                                                                                

  /home/adminuser/venv/lib/python3.13/site-packages/streamlit/runtime/state/se  

  ssion_state.py:517 in _getitem                                                

────────────────────────────────────────────────────────────────────────────────

KeyError


During handling of the above exception, another exception occurred:


────────────────────── Traceback (most recent call last) ───────────────────────

  /home/adminuser/venv/lib/python3.13/site-packages/streamlit/runtime/state/se  

  ssion_state_proxy.py:130 in __getattr__                                       

                                                                                

  /home/adminuser/venv/lib/python3.13/site-packages/streamlit/runtime/state/se  

  ssion_state_proxy.py:101 in __getitem__                                       

                                                                                

  /home/adminuser/venv/lib/python3.13/site-packages/streamlit/runtime/state/sa  

  fe_session_state.py:104 in __getitem__                                        

                                                                                

  /home/adminuser/venv/lib/python3.13/site-packages/streamlit/runtime/state/se  

  ssion_state.py:471 in __getitem__                                             

────────────────────────────────────────────────────────────────────────────────

KeyError: 'st.session_state has no key "tech_stack". Did you forget to 

initialize it? More info: 

https://docs.streamlit.io/develop/concepts/architecture/session-state#initializa

tion'


During handling of the above exception, another exception occurred:


────────────────────── Traceback (most recent call last) ───────────────────────

  /home/adminuser/venv/lib/python3.13/site-packages/streamlit/runtime/scriptru  

  nner/exec_code.py:128 in exec_func_with_error_handling                        

                                                                                

  /home/adminuser/venv/lib/python3.13/site-packages/streamlit/runtime/scriptru  

  nner/script_runner.py:669 in code_to_exec                                     

                                                                                

  /mount/src/smart-tracker/smarttracker/app/app_streamlit.py:1374 in <module>   

                                                                                

    1371 │   │   show_planning_page()                                           

    1372                                                                        

    1373 if __name__ == "__main__":                                             

  ❱ 1374 │   main()                                                             

    1375                                                                        

                                                                                

  /mount/src/smart-tracker/smarttracker/app/app_streamlit.py:1371 in main       

                                                                                

    1368 │   elif st.session_state.current_page == "tech_stack":                

    1369 │   │   show_tech_stack_page()                                         

    1370 │   elif st.session_state.current_page == "planning":                  

  ❱ 1371 │   │   show_planning_page()                                           

    1372                                                                        

    1373 if __name__ == "__main__":                                             

    1374 │   main()                                                             

                                                                                

  /mount/src/smart-tracker/smarttracker/app/app_streamlit.py:904 in             

  show_planning_page                                                            

                                                                                

     901 │   st.markdown("---")                                                 

     902 │                                                                      

     903 │   # Group technologies by category                                   

  ❱  904 │   tech_stack = st.session_state.tech_stack                           

     905 │   learning_sessions = st.session_state.learning_sessions             

     906 │                                                                      

     907 │   if not tech_stack:                                                 

                                                                                

  /home/adminuser/venv/lib/python3.13/site-packages/streamlit/runtime/state/se  

  ssion_state_proxy.py:132 in __getattr__                                       

────────────────────────────────────────────────────────────────────────────────

AttributeError: st.session_state has no attribute "tech_stack". Did you forget 

to initialize it? More info: 

https://docs.streamlit.io/develop/concepts/architecture/session-state#initializa

tion

────────────────────── Traceback (most recent call last) ───────────────────────

  /home/adminuser/venv/lib/python3.13/site-packages/streamlit/runtime/state/se  

  ssion_state.py:469 in __getitem__                                             

                                                                                

  /home/adminuser/venv/lib/python3.13/site-packages/streamlit/runtime/state/se  

  ssion_state.py:517 in _getitem                                                

────────────────────────────────────────────────────────────────────────────────

KeyError


During handling of the above exception, another exception occurred:


────────────────────── Traceback (most recent call last) ───────────────────────

  /home/adminuser/venv/lib/python3.13/site-packages/streamlit/runtime/state/se  

  ssion_state_proxy.py:130 in __getattr__                                       

                                                                                

  /home/adminuser/venv/lib/python3.13/site-packages/streamlit/runtime/state/se  

  ssion_state_proxy.py:101 in __getitem__                                       

                                                                                

  /home/adminuser/venv/lib/python3.13/site-packages/streamlit/runtime/state/sa  

  fe_session_state.py:104 in __getitem__                                        

                                                                                

  /home/adminuser/venv/lib/python3.13/site-packages/streamlit/runtime/state/se  

  ssion_state.py:471 in __getitem__                                             

────────────────────────────────────────────────────────────────────────────────

KeyError: 'st.session_state has no key "tech_stack". Did you forget to 

initialize it? More info: 

https://docs.streamlit.io/develop/concepts/architecture/session-state#initializa

tion'


During handling of the above exception, another exception occurred:


────────────────────── Traceback (most recent call last) ───────────────────────

  /home/adminuser/venv/lib/python3.13/site-packages/streamlit/runtime/scriptru  

  nner/exec_code.py:128 in exec_func_with_error_handling                        

                                                                                

  /home/adminuser/venv/lib/python3.13/site-packages/streamlit/runtime/scriptru  

  nner/script_runner.py:669 in code_to_exec                                     

                                                                                

  /mount/src/smart-tracker/smarttracker/app/app_streamlit.py:1374 in <module>   

                                                                                

    1371 │   │   show_planning_page()                                           

    1372                                                                        

    1373 if __name__ == "__main__":                                             

  ❱ 1374 │   main()                                                             

    1375                                                                        

                                                                                

  /mount/src/smart-tracker/smarttracker/app/app_streamlit.py:1367 in main       

                                                                                

    1364 │   elif st.session_state.current_page == "clean_dashboard":           

    1365 │   │   show_clean_dashboard()                                         

    1366 │   elif st.session_state.current_page == "learning_tracker":          

  ❱ 1367 │   │   show_learning_tracker()                                        

    1368 │   elif st.session_state.current_page == "tech_stack":                

    1369 │   │   show_tech_stack_page()                                         

    1370 │   elif st.session_state.current_page == "planning":                  

                                                                                

  /mount/src/smart-tracker/smarttracker/app/app_streamlit.py:1047 in            

  show_learning_tracker                                                         

                                                                                

    1044 │   │   │   │   │   st.error("Please enter a category name.")          

    1045 │   │                                                                  

    1046 │   │   # Get available technologies from tech stack                   

  ❱ 1047 │   │   tech_list = get_tech_list(st.session_state.tech_stack)         

    1048 │   │                                                                  

    1049 │   │   with st.form("smart_tracker_form"):                            

    1050 │   │   │   # Form fields matching the desktop app                     

                                                                                

  /home/adminuser/venv/lib/python3.13/site-packages/streamlit/runtime/state/se  

  ssion_state_proxy.py:132 in __getattr__                                       

────────────────────────────────────────────────────────────────────────────────

AttributeError: st.session_state has no attribute "tech_stack". Did you forget 

to initialize it? More info: 

https://docs.streamlit.io/develop/concepts/architecture/session-state#initializa

tion

[00:38:11] 🐙 Pulling code changes from Github...

[00:38:12] 📦 Processing dependencies...

[00:38:12] 📦 Processed dependencies!

[00:38:13] 🔄 Updated app!

[01:13:33] 🐙 Pulling code changes from Github...

[01:13:34] ❗️ The main module file does not exist: /mount/src/smart-tracker/smarttracker/app/app_streamlit.py

2025-10-09 01:13:39.071 Script compilation error

Traceback (most recent call last):

  File "/home/adminuser/venv/lib/python3.13/site-packages/streamlit/runtime/scriptrunner/script_runner.py", line 571, in _run_script

    code = self._script_cache.get_bytecode(script_path)

  File "/home/adminuser/venv/lib/python3.13/site-packages/streamlit/runtime/scriptrunner/script_cache.py", line 68, in get_bytecode

    with open_python_file(script_path) as f:

         ~~~~~~~~~~~~~~~~^^^^^^^^^^^^^

  File "/home/adminuser/venv/lib/python3.13/site-packages/streamlit/source_util.py", line 54, in open_python_file

    return tokenize.open(filename)

           ~~~~~~~~~~~~~^^^^^^^^^^

  File "/usr/local/lib/python3.13/tokenize.py", line 455, in open

    buffer = _builtin_open(filename, 'rb')

FileNotFoundError: [Errno 2] No such file or directory: '/mount/src/smart-tracker/smarttracker/app/app_streamlit.py'

2025-10-09 01:13:39.074 Thread 'MainThread': missing ScriptRunContext! This warning can be ignored when running in bare mode.

[01:13:39] ❗️ Main module does not exist

[01:13:44] ❗️ Main module does not exist

[01:13:49] ❗️ Main module does not exist

[01:13:54] ❗️ Main module does not exist

[01:13:59] ❗️ Main module does not exist

[01:14:04] ❗️ Main module does not exist

[01:14:09] ❗️ Main module does not exist

[01:14:14] ❗️ Main module does not exist

[01:14:19] ❗️ Main module does not exist

[01:14:24] ❗️ Main module does not exist

[01:14:29] ❗️ Main module does not exist

[01:14:34] ❗️ Main module does not exist

[01:14:39] ❗️ Main module does not exist

[01:14:44] ❗️ Main module does not exist

[01:14:49] ❗️ Main module does not exist