Oh no.
Error running app. If you need help, try the Streamlit docs and forums.

[ â€‰â€‰â€…â€…UTCâ€…â€…â€‰â€‰ ] Logs for smart-tracker-drcm8pku22faqv8knhg5rf.streamlit.app/

â”€â”€â”€â”€â”€â”€â”€â”€â”€â”€â”€â”€â”€â”€â”€â”€â”€â”€â”€â”€â”€â”€â”€â”€â”€â”€â”€â”€â”€â”€â”€â”€â”€â”€â”€â”€â”€â”€â”€â”€â”€â”€â”€â”€â”€â”€â”€â”€â”€â”€â”€â”€â”€â”€â”€â”€â”€â”€â”€â”€â”€â”€â”€â”€â”€â”€â”€â”€â”€â”€â”€â”€â”€â”€â”€â”€â”€â”€â”€â”€â”€â”€â”€â”€â”€â”€â”€â”€

[00:20:32] ğŸš€ Starting up repository: 'smart-tracker', branch: 'main', main module: 'smarttracker/app/app_streamlit.py'

[00:20:32] ğŸ™ Cloning repository...

[00:20:34] ğŸ™ Cloning into '/mount/src/smart-tracker'...

[00:20:34] ğŸ™ Cloned repository!

[00:20:34] ğŸ™ Pulling code changes from Github...

[00:20:35] ğŸ“¦ Processing dependencies...


â”€â”€â”€â”€â”€â”€â”€â”€â”€â”€â”€â”€â”€â”€â”€â”€â”€â”€â”€â”€â”€â”€â”€â”€â”€â”€â”€â”€â”€â”€â”€â”€â”€â”€â”€â”€â”€â”€â”€â”€ uv â”€â”€â”€â”€â”€â”€â”€â”€â”€â”€â”€â”€â”€â”€â”€â”€â”€â”€â”€â”€â”€â”€â”€â”€â”€â”€â”€â”€â”€â”€â”€â”€â”€â”€â”€â”€â”€â”€â”€â”€â”€â”€â”€


Using uv pip install.

Using Python 3.13.8 environment at /home/adminuser/venv

Resolved 43 packages in 403ms

Prepared 43 packages in 1.66s

Installed 43 packages in 108ms

 + altair==5.5.0

 + attrs==25.4.0

 + blinker==1.9.0

 + cachetools==6.2.0

 + certifi==2025.10.5

 + charset-normalizer==3.4.3

 + click==8.3.0

 + gitdb==4.0.12

 + gitpython==3.1.45

 + idna==3.10

 [2025-10-09 00:20:37.951907] + jinja2==3.1.6

 + jsonschema==4.25.1

 + jsonschema-specifications==2025.9.1

 + markdown-it-py==4.0.0

 + markupsafe==3.0.3

 + mdurl==0.1.2

 + narwhals==2.7.0

 + numpy==[2025-10-09 00:20:37.952265] 2.3.3

 + packaging==25.0

 + pandas==2.3.3

 + pillow==11.3.0

 + protobuf==6.32.1

 + pyarrow==21.0.0

 + pydeck==0.9.1

 +[2025-10-09 00:20:37.952488]  pygments==2.19.2

 + python-dateutil==2.9.0.post0

 + pytz==2025.2

 + referencing==0.36.2

 [2025-10-09 00:20:37.952680] + requests==2.32.5

 + rich==14.1.0

 + rpds-py==0.27.1

 + shellingham==1.5.4

 + six==1.17.0

 + [2025-10-09 00:20:37.952869] smmap==5.0.2

 + streamlit==1.50.0

 + tenacity==9.1.2

 + toml==0.10.2

 + tornado==6.5.2

 + typer==0.19.2

 [2025-10-09 00:20:37.953059] + typing-extensions==4.15.0

 + tzdata==2025.2

 + urllib3==2.5.0

 + watchdog==6.0.0

Checking if Streamlit is installed

Found Streamlit version 1.50.0 in the environment

Installing rich for an improved exception logging

Using uv pip install.

Using Python 3.13.8 environment at /home/adminuser/venv

Audited 1 package in 3ms


â”€â”€â”€â”€â”€â”€â”€â”€â”€â”€â”€â”€â”€â”€â”€â”€â”€â”€â”€â”€â”€â”€â”€â”€â”€â”€â”€â”€â”€â”€â”€â”€â”€â”€â”€â”€â”€â”€â”€â”€â”€â”€â”€â”€â”€â”€â”€â”€â”€â”€â”€â”€â”€â”€â”€â”€â”€â”€â”€â”€â”€â”€â”€â”€â”€â”€â”€â”€â”€â”€â”€â”€â”€â”€â”€â”€â”€â”€â”€â”€â”€â”€â”€â”€â”€â”€â”€â”€


[00:20:40] ğŸ Python dependencies were installed from /mount/src/smart-tracker/requirements.txt using uv.

Check if streamlit is installed

Streamlit is already installed

[00:20:41] ğŸ“¦ Processed dependencies!




[00:27:48] ğŸ™ Pulling code changes from Github...

[00:27:49] ğŸ“¦ Processing dependencies...

[00:27:49] ğŸ“¦ Processed dependencies!

[00:27:50] ğŸ”„ Updated app!

â”€â”€â”€â”€â”€â”€â”€â”€â”€â”€â”€â”€â”€â”€â”€â”€â”€â”€â”€â”€â”€â”€ Traceback (most recent call last) â”€â”€â”€â”€â”€â”€â”€â”€â”€â”€â”€â”€â”€â”€â”€â”€â”€â”€â”€â”€â”€â”€â”€

  /home/adminuser/venv/lib/python3.13/site-packages/streamlit/runtime/state/se  

  ssion_state.py:469 in __getitem__                                             

                                                                                

  /home/adminuser/venv/lib/python3.13/site-packages/streamlit/runtime/state/se  

  ssion_state.py:517 in _getitem                                                

â”€â”€â”€â”€â”€â”€â”€â”€â”€â”€â”€â”€â”€â”€â”€â”€â”€â”€â”€â”€â”€â”€â”€â”€â”€â”€â”€â”€â”€â”€â”€â”€â”€â”€â”€â”€â”€â”€â”€â”€â”€â”€â”€â”€â”€â”€â”€â”€â”€â”€â”€â”€â”€â”€â”€â”€â”€â”€â”€â”€â”€â”€â”€â”€â”€â”€â”€â”€â”€â”€â”€â”€â”€â”€â”€â”€â”€â”€â”€â”€

KeyError


During handling of the above exception, another exception occurred:


â”€â”€â”€â”€â”€â”€â”€â”€â”€â”€â”€â”€â”€â”€â”€â”€â”€â”€â”€â”€â”€â”€ Traceback (most recent call last) â”€â”€â”€â”€â”€â”€â”€â”€â”€â”€â”€â”€â”€â”€â”€â”€â”€â”€â”€â”€â”€â”€â”€

  /home/adminuser/venv/lib/python3.13/site-packages/streamlit/runtime/state/se  

  ssion_state_proxy.py:130 in __getattr__                                       

                                                                                

  /home/adminuser/venv/lib/python3.13/site-packages/streamlit/runtime/state/se  

  ssion_state_proxy.py:101 in __getitem__                                       

                                                                                

  /home/adminuser/venv/lib/python3.13/site-packages/streamlit/runtime/state/sa  

  fe_session_state.py:104 in __getitem__                                        

                                                                                

  /home/adminuser/venv/lib/python3.13/site-packages/streamlit/runtime/state/se  

  ssion_state.py:471 in __getitem__                                             

â”€â”€â”€â”€â”€â”€â”€â”€â”€â”€â”€â”€â”€â”€â”€â”€â”€â”€â”€â”€â”€â”€â”€â”€â”€â”€â”€â”€â”€â”€â”€â”€â”€â”€â”€â”€â”€â”€â”€â”€â”€â”€â”€â”€â”€â”€â”€â”€â”€â”€â”€â”€â”€â”€â”€â”€â”€â”€â”€â”€â”€â”€â”€â”€â”€â”€â”€â”€â”€â”€â”€â”€â”€â”€â”€â”€â”€â”€â”€â”€

KeyError: 'st.session_state has no key "tech_stack". Did you forget to 

initialize it? More info: 

https://docs.streamlit.io/develop/concepts/architecture/session-state#initializa

tion'


During handling of the above exception, another exception occurred:


â”€â”€â”€â”€â”€â”€â”€â”€â”€â”€â”€â”€â”€â”€â”€â”€â”€â”€â”€â”€â”€â”€ Traceback (most recent call last) â”€â”€â”€â”€â”€â”€â”€â”€â”€â”€â”€â”€â”€â”€â”€â”€â”€â”€â”€â”€â”€â”€â”€

  /home/adminuser/venv/lib/python3.13/site-packages/streamlit/runtime/scriptru  

  nner/exec_code.py:128 in exec_func_with_error_handling                        

                                                                                

  /home/adminuser/venv/lib/python3.13/site-packages/streamlit/runtime/scriptru  

  nner/script_runner.py:669 in code_to_exec                                     

                                                                                

  /mount/src/smart-tracker/smarttracker/app/app_streamlit.py:1374 in <module>   

                                                                                

    1371 â”‚   â”‚   â”‚   â”‚   â”‚   â”‚   â”‚   â”‚   â”‚   â”‚   st.error("Already exists!")    

    1372 â”‚   â”‚   â”‚   â”‚   â”‚   â”‚                                                  

    1373 â”‚   â”‚   â”‚   â”‚   â”‚   â”‚   st.markdown("---")                             

  â± 1374 â”‚   â”‚   â”‚   â”‚   â”‚   â”‚   st.markdown("**Change Category**")             

    1375 â”‚   â”‚   â”‚   â”‚   â”‚   â”‚   current_category = tech.get('category', 'â“ U  

    1376 â”‚   â”‚   â”‚   â”‚   â”‚   â”‚   all_cats = st.session_state.storage.get_all_c  

    1377 â”‚   â”‚   â”‚   â”‚   â”‚   â”‚   current_category_index = all_cats.index(curre  

                                                                                

  /mount/src/smart-tracker/smarttracker/app/app_streamlit.py:1367 in main       

                                                                                

    1364 â”‚   â”‚   â”‚   â”‚   â”‚   â”‚   with col_cat_btn:                              

    1365 â”‚   â”‚   â”‚   â”‚   â”‚   â”‚   â”‚   if st.button("â•", key=f"inline_cat_btn_{  

    1366 â”‚   â”‚   â”‚   â”‚   â”‚   â”‚   â”‚   â”‚   if new_cat_inline and new_cat_inline.  

  â± 1367 â”‚   â”‚   â”‚   â”‚   â”‚   â”‚   â”‚   â”‚   â”‚   if st.session_state.storage.add_c  

    1368 â”‚   â”‚   â”‚   â”‚   â”‚   â”‚   â”‚   â”‚   â”‚   â”‚   st.success(f"âœ… Added: {new_c  

    1369 â”‚   â”‚   â”‚   â”‚   â”‚   â”‚   â”‚   â”‚   â”‚   â”‚   st.rerun()                     

    1370 â”‚   â”‚   â”‚   â”‚   â”‚   â”‚   â”‚   â”‚   â”‚   else:                              

                                                                                

  /mount/src/smart-tracker/smarttracker/app/app_streamlit.py:1047 in            

  show_learning_tracker                                                         

                                                                                

    1044 â”‚   â”‚   â”‚   unique_dates = len(set(recent_dates))                      

    1045 â”‚   â”‚   â”‚   st.metric("Unique Learning Days", unique_dates)            

    1046 â”‚   â”‚   else:                                                          

  â± 1047 â”‚   â”‚   â”‚   st.metric("Learning Streak", "0 days")                     

    1048 â”‚                                                                      

    1049 â”‚   # Technology Cards - Expandable view                               

    1050 â”‚   st.markdown("---")                                                 

                                                                                

  /home/adminuser/venv/lib/python3.13/site-packages/streamlit/runtime/state/se  

  ssion_state_proxy.py:132 in __getattr__                                       

â”€â”€â”€â”€â”€â”€â”€â”€â”€â”€â”€â”€â”€â”€â”€â”€â”€â”€â”€â”€â”€â”€â”€â”€â”€â”€â”€â”€â”€â”€â”€â”€â”€â”€â”€â”€â”€â”€â”€â”€â”€â”€â”€â”€â”€â”€â”€â”€â”€â”€â”€â”€â”€â”€â”€â”€â”€â”€â”€â”€â”€â”€â”€â”€â”€â”€â”€â”€â”€â”€â”€â”€â”€â”€â”€â”€â”€â”€â”€â”€

AttributeError: st.session_state has no attribute "tech_stack". Did you forget 

to initialize it? More info: 

https://docs.streamlit.io/develop/concepts/architecture/session-state#initializa

tion

â”€â”€â”€â”€â”€â”€â”€â”€â”€â”€â”€â”€â”€â”€â”€â”€â”€â”€â”€â”€â”€â”€ Traceback (most recent call last) â”€â”€â”€â”€â”€â”€â”€â”€â”€â”€â”€â”€â”€â”€â”€â”€â”€â”€â”€â”€â”€â”€â”€

  /home/adminuser/venv/lib/python3.13/site-packages/streamlit/runtime/state/se  

  ssion_state.py:469 in __getitem__                                             

                                                                                

  /home/adminuser/venv/lib/python3.13/site-packages/streamlit/runtime/state/se  

  ssion_state.py:517 in _getitem                                                

â”€â”€â”€â”€â”€â”€â”€â”€â”€â”€â”€â”€â”€â”€â”€â”€â”€â”€â”€â”€â”€â”€â”€â”€â”€â”€â”€â”€â”€â”€â”€â”€â”€â”€â”€â”€â”€â”€â”€â”€â”€â”€â”€â”€â”€â”€â”€â”€â”€â”€â”€â”€â”€â”€â”€â”€â”€â”€â”€â”€â”€â”€â”€â”€â”€â”€â”€â”€â”€â”€â”€â”€â”€â”€â”€â”€â”€â”€â”€â”€

KeyError


During handling of the above exception, another exception occurred:


â”€â”€â”€â”€â”€â”€â”€â”€â”€â”€â”€â”€â”€â”€â”€â”€â”€â”€â”€â”€â”€â”€ Traceback (most recent call last) â”€â”€â”€â”€â”€â”€â”€â”€â”€â”€â”€â”€â”€â”€â”€â”€â”€â”€â”€â”€â”€â”€â”€

  /home/adminuser/venv/lib/python3.13/site-packages/streamlit/runtime/state/se  

  ssion_state_proxy.py:130 in __getattr__                                       

                                                                                

  /home/adminuser/venv/lib/python3.13/site-packages/streamlit/runtime/state/se  

  ssion_state_proxy.py:101 in __getitem__                                       

                                                                                

  /home/adminuser/venv/lib/python3.13/site-packages/streamlit/runtime/state/sa  

  fe_session_state.py:104 in __getitem__                                        

                                                                                

  /home/adminuser/venv/lib/python3.13/site-packages/streamlit/runtime/state/se  

  ssion_state.py:471 in __getitem__                                             

â”€â”€â”€â”€â”€â”€â”€â”€â”€â”€â”€â”€â”€â”€â”€â”€â”€â”€â”€â”€â”€â”€â”€â”€â”€â”€â”€â”€â”€â”€â”€â”€â”€â”€â”€â”€â”€â”€â”€â”€â”€â”€â”€â”€â”€â”€â”€â”€â”€â”€â”€â”€â”€â”€â”€â”€â”€â”€â”€â”€â”€â”€â”€â”€â”€â”€â”€â”€â”€â”€â”€â”€â”€â”€â”€â”€â”€â”€â”€â”€

KeyError: 'st.session_state has no key "tech_stack". Did you forget to 

initialize it? More info: 

https://docs.streamlit.io/develop/concepts/architecture/session-state#initializa

tion'


During handling of the above exception, another exception occurred:


â”€â”€â”€â”€â”€â”€â”€â”€â”€â”€â”€â”€â”€â”€â”€â”€â”€â”€â”€â”€â”€â”€ Traceback (most recent call last) â”€â”€â”€â”€â”€â”€â”€â”€â”€â”€â”€â”€â”€â”€â”€â”€â”€â”€â”€â”€â”€â”€â”€

  /home/adminuser/venv/lib/python3.13/site-packages/streamlit/runtime/scriptru  

  nner/exec_code.py:128 in exec_func_with_error_handling                        

                                                                                

  /home/adminuser/venv/lib/python3.13/site-packages/streamlit/runtime/scriptru  

  nner/script_runner.py:669 in code_to_exec                                     

                                                                                

  /mount/src/smart-tracker/smarttracker/app/app_streamlit.py:1374 in <module>   

                                                                                

    1371 â”‚   â”‚   show_planning_page()                                           

    1372                                                                        

    1373 if __name__ == "__main__":                                             

  â± 1374 â”‚   main()                                                             

    1375                                                                        

                                                                                

  /mount/src/smart-tracker/smarttracker/app/app_streamlit.py:1367 in main       

                                                                                

    1364 â”‚   elif st.session_state.current_page == "clean_dashboard":           

    1365 â”‚   â”‚   show_clean_dashboard()                                         

    1366 â”‚   elif st.session_state.current_page == "learning_tracker":          

  â± 1367 â”‚   â”‚   show_learning_tracker()                                        

    1368 â”‚   elif st.session_state.current_page == "tech_stack":                

    1369 â”‚   â”‚   show_tech_stack_page()                                         

    1370 â”‚   elif st.session_state.current_page == "planning":                  

                                                                                

  /mount/src/smart-tracker/smarttracker/app/app_streamlit.py:1047 in            

  show_learning_tracker                                                         

                                                                                

    1044 â”‚   â”‚   â”‚   â”‚   â”‚   st.error("Please enter a category name.")          

    1045 â”‚   â”‚                                                                  

    1046 â”‚   â”‚   # Get available technologies from tech stack                   

  â± 1047 â”‚   â”‚   tech_list = get_tech_list(st.session_state.tech_stack)         

    1048 â”‚   â”‚                                                                  

    1049 â”‚   â”‚   with st.form("smart_tracker_form"):                            

    1050 â”‚   â”‚   â”‚   # Form fields matching the desktop app                     

                                                                                

  /home/adminuser/venv/lib/python3.13/site-packages/streamlit/runtime/state/se  

  ssion_state_proxy.py:132 in __getattr__                                       

â”€â”€â”€â”€â”€â”€â”€â”€â”€â”€â”€â”€â”€â”€â”€â”€â”€â”€â”€â”€â”€â”€â”€â”€â”€â”€â”€â”€â”€â”€â”€â”€â”€â”€â”€â”€â”€â”€â”€â”€â”€â”€â”€â”€â”€â”€â”€â”€â”€â”€â”€â”€â”€â”€â”€â”€â”€â”€â”€â”€â”€â”€â”€â”€â”€â”€â”€â”€â”€â”€â”€â”€â”€â”€â”€â”€â”€â”€â”€â”€

AttributeError: st.session_state has no attribute "tech_stack". Did you forget 

to initialize it? More info: 

https://docs.streamlit.io/develop/concepts/architecture/session-state#initializa

tion

â”€â”€â”€â”€â”€â”€â”€â”€â”€â”€â”€â”€â”€â”€â”€â”€â”€â”€â”€â”€â”€â”€ Traceback (most recent call last) â”€â”€â”€â”€â”€â”€â”€â”€â”€â”€â”€â”€â”€â”€â”€â”€â”€â”€â”€â”€â”€â”€â”€

  /home/adminuser/venv/lib/python3.13/site-packages/streamlit/runtime/state/se  

  ssion_state.py:469 in __getitem__                                             

                                                                                

  /home/adminuser/venv/lib/python3.13/site-packages/streamlit/runtime/state/se  

  ssion_state.py:517 in _getitem                                                

â”€â”€â”€â”€â”€â”€â”€â”€â”€â”€â”€â”€â”€â”€â”€â”€â”€â”€â”€â”€â”€â”€â”€â”€â”€â”€â”€â”€â”€â”€â”€â”€â”€â”€â”€â”€â”€â”€â”€â”€â”€â”€â”€â”€â”€â”€â”€â”€â”€â”€â”€â”€â”€â”€â”€â”€â”€â”€â”€â”€â”€â”€â”€â”€â”€â”€â”€â”€â”€â”€â”€â”€â”€â”€â”€â”€â”€â”€â”€â”€

KeyError


During handling of the above exception, another exception occurred:


â”€â”€â”€â”€â”€â”€â”€â”€â”€â”€â”€â”€â”€â”€â”€â”€â”€â”€â”€â”€â”€â”€ Traceback (most recent call last) â”€â”€â”€â”€â”€â”€â”€â”€â”€â”€â”€â”€â”€â”€â”€â”€â”€â”€â”€â”€â”€â”€â”€

  /home/adminuser/venv/lib/python3.13/site-packages/streamlit/runtime/state/se  

  ssion_state_proxy.py:130 in __getattr__                                       

                                                                                

  /home/adminuser/venv/lib/python3.13/site-packages/streamlit/runtime/state/se  

  ssion_state_proxy.py:101 in __getitem__                                       

                                                                                

  /home/adminuser/venv/lib/python3.13/site-packages/streamlit/runtime/state/sa  

  fe_session_state.py:104 in __getitem__                                        

                                                                                

  /home/adminuser/venv/lib/python3.13/site-packages/streamlit/runtime/state/se  

  ssion_state.py:471 in __getitem__                                             

â”€â”€â”€â”€â”€â”€â”€â”€â”€â”€â”€â”€â”€â”€â”€â”€â”€â”€â”€â”€â”€â”€â”€â”€â”€â”€â”€â”€â”€â”€â”€â”€â”€â”€â”€â”€â”€â”€â”€â”€â”€â”€â”€â”€â”€â”€â”€â”€â”€â”€â”€â”€â”€â”€â”€â”€â”€â”€â”€â”€â”€â”€â”€â”€â”€â”€â”€â”€â”€â”€â”€â”€â”€â”€â”€â”€â”€â”€â”€â”€

KeyError: 'st.session_state has no key "tech_stack". Did you forget to 

initialize it? More info: 

https://docs.streamlit.io/develop/concepts/architecture/session-state#initializa

tion'


During handling of the above exception, another exception occurred:


â”€â”€â”€â”€â”€â”€â”€â”€â”€â”€â”€â”€â”€â”€â”€â”€â”€â”€â”€â”€â”€â”€ Traceback (most recent call last) â”€â”€â”€â”€â”€â”€â”€â”€â”€â”€â”€â”€â”€â”€â”€â”€â”€â”€â”€â”€â”€â”€â”€

  /home/adminuser/venv/lib/python3.13/site-packages/streamlit/runtime/scriptru  

  nner/exec_code.py:128 in exec_func_with_error_handling                        

                                                                                

  /home/adminuser/venv/lib/python3.13/site-packages/streamlit/runtime/scriptru  

  nner/script_runner.py:669 in code_to_exec                                     

                                                                                

  /mount/src/smart-tracker/smarttracker/app/app_streamlit.py:1374 in <module>   

                                                                                

    1371 â”‚   â”‚   show_planning_page()                                           

    1372                                                                        

    1373 if __name__ == "__main__":                                             

  â± 1374 â”‚   main()                                                             

    1375                                                                        

                                                                                

  /mount/src/smart-tracker/smarttracker/app/app_streamlit.py:1367 in main       

                                                                                

    1364 â”‚   elif st.session_state.current_page == "clean_dashboard":           

    1365 â”‚   â”‚   show_clean_dashboard()                                         

    1366 â”‚   elif st.session_state.current_page == "learning_tracker":          

  â± 1367 â”‚   â”‚   show_learning_tracker()                                        

    1368 â”‚   elif st.session_state.current_page == "tech_stack":                

    1369 â”‚   â”‚   show_tech_stack_page()                                         

    1370 â”‚   elif st.session_state.current_page == "planning":                  

                                                                                

  /mount/src/smart-tracker/smarttracker/app/app_streamlit.py:1047 in            

  show_learning_tracker                                                         

                                                                                

    1044 â”‚   â”‚   â”‚   â”‚   â”‚   st.error("Please enter a category name.")          

    1045 â”‚   â”‚                                                                  

    1046 â”‚   â”‚   # Get available technologies from tech stack                   

  â± 1047 â”‚   â”‚   tech_list = get_tech_list(st.session_state.tech_stack)         

    1048 â”‚   â”‚                                                                  

    1049 â”‚   â”‚   with st.form("smart_tracker_form"):                            

    1050 â”‚   â”‚   â”‚   # Form fields matching the desktop app                     

                                                                                

  /home/adminuser/venv/lib/python3.13/site-packages/streamlit/runtime/state/se  

  ssion_state_proxy.py:132 in __getattr__                                       

â”€â”€â”€â”€â”€â”€â”€â”€â”€â”€â”€â”€â”€â”€â”€â”€â”€â”€â”€â”€â”€â”€â”€â”€â”€â”€â”€â”€â”€â”€â”€â”€â”€â”€â”€â”€â”€â”€â”€â”€â”€â”€â”€â”€â”€â”€â”€â”€â”€â”€â”€â”€â”€â”€â”€â”€â”€â”€â”€â”€â”€â”€â”€â”€â”€â”€â”€â”€â”€â”€â”€â”€â”€â”€â”€â”€â”€â”€â”€â”€

AttributeError: st.session_state has no attribute "tech_stack". Did you forget 

to initialize it? More info: 

https://docs.streamlit.io/develop/concepts/architecture/session-state#initializa

tion

â”€â”€â”€â”€â”€â”€â”€â”€â”€â”€â”€â”€â”€â”€â”€â”€â”€â”€â”€â”€â”€â”€ Traceback (most recent call last) â”€â”€â”€â”€â”€â”€â”€â”€â”€â”€â”€â”€â”€â”€â”€â”€â”€â”€â”€â”€â”€â”€â”€

  /home/adminuser/venv/lib/python3.13/site-packages/streamlit/runtime/state/se  

  ssion_state.py:469 in __getitem__                                             

                                                                                

  /home/adminuser/venv/lib/python3.13/site-packages/streamlit/runtime/state/se  

  ssion_state.py:517 in _getitem                                                

â”€â”€â”€â”€â”€â”€â”€â”€â”€â”€â”€â”€â”€â”€â”€â”€â”€â”€â”€â”€â”€â”€â”€â”€â”€â”€â”€â”€â”€â”€â”€â”€â”€â”€â”€â”€â”€â”€â”€â”€â”€â”€â”€â”€â”€â”€â”€â”€â”€â”€â”€â”€â”€â”€â”€â”€â”€â”€â”€â”€â”€â”€â”€â”€â”€â”€â”€â”€â”€â”€â”€â”€â”€â”€â”€â”€â”€â”€â”€â”€

KeyError


During handling of the above exception, another exception occurred:


â”€â”€â”€â”€â”€â”€â”€â”€â”€â”€â”€â”€â”€â”€â”€â”€â”€â”€â”€â”€â”€â”€ Traceback (most recent call last) â”€â”€â”€â”€â”€â”€â”€â”€â”€â”€â”€â”€â”€â”€â”€â”€â”€â”€â”€â”€â”€â”€â”€

  /home/adminuser/venv/lib/python3.13/site-packages/streamlit/runtime/state/se  

  ssion_state_proxy.py:130 in __getattr__                                       

                                                                                

  /home/adminuser/venv/lib/python3.13/site-packages/streamlit/runtime/state/se  

  ssion_state_proxy.py:101 in __getitem__                                       

                                                                                

  /home/adminuser/venv/lib/python3.13/site-packages/streamlit/runtime/state/sa  

  fe_session_state.py:104 in __getitem__                                        

                                                                                

  /home/adminuser/venv/lib/python3.13/site-packages/streamlit/runtime/state/se  

  ssion_state.py:471 in __getitem__                                             

â”€â”€â”€â”€â”€â”€â”€â”€â”€â”€â”€â”€â”€â”€â”€â”€â”€â”€â”€â”€â”€â”€â”€â”€â”€â”€â”€â”€â”€â”€â”€â”€â”€â”€â”€â”€â”€â”€â”€â”€â”€â”€â”€â”€â”€â”€â”€â”€â”€â”€â”€â”€â”€â”€â”€â”€â”€â”€â”€â”€â”€â”€â”€â”€â”€â”€â”€â”€â”€â”€â”€â”€â”€â”€â”€â”€â”€â”€â”€â”€

KeyError: 'st.session_state has no key "tech_stack". Did you forget to 

initialize it? More info: 

https://docs.streamlit.io/develop/concepts/architecture/session-state#initializa

tion'


During handling of the above exception, another exception occurred:


â”€â”€â”€â”€â”€â”€â”€â”€â”€â”€â”€â”€â”€â”€â”€â”€â”€â”€â”€â”€â”€â”€ Traceback (most recent call last) â”€â”€â”€â”€â”€â”€â”€â”€â”€â”€â”€â”€â”€â”€â”€â”€â”€â”€â”€â”€â”€â”€â”€

  /home/adminuser/venv/lib/python3.13/site-packages/streamlit/runtime/scriptru  

  nner/exec_code.py:128 in exec_func_with_error_handling                        

                                                                                

  /home/adminuser/venv/lib/python3.13/site-packages/streamlit/runtime/scriptru  

  nner/script_runner.py:669 in code_to_exec                                     

                                                                                

  /mount/src/smart-tracker/smarttracker/app/app_streamlit.py:1374 in <module>   

                                                                                

    1371 â”‚   â”‚   show_planning_page()                                           

    1372                                                                        

    1373 if __name__ == "__main__":                                             

  â± 1374 â”‚   main()                                                             

    1375                                                                        

                                                                                

  /mount/src/smart-tracker/smarttracker/app/app_streamlit.py:1367 in main       

                                                                                

    1364 â”‚   elif st.session_state.current_page == "clean_dashboard":           

    1365 â”‚   â”‚   show_clean_dashboard()                                         

    1366 â”‚   elif st.session_state.current_page == "learning_tracker":          

  â± 1367 â”‚   â”‚   show_learning_tracker()                                        

    1368 â”‚   elif st.session_state.current_page == "tech_stack":                

    1369 â”‚   â”‚   show_tech_stack_page()                                         

    1370 â”‚   elif st.session_state.current_page == "planning":                  

                                                                                

  /mount/src/smart-tracker/smarttracker/app/app_streamlit.py:1047 in            

  show_learning_tracker                                                         

                                                                                

    1044 â”‚   â”‚   â”‚   â”‚   â”‚   st.error("Please enter a category name.")          

    1045 â”‚   â”‚                                                                  

    1046 â”‚   â”‚   # Get available technologies from tech stack                   

  â± 1047 â”‚   â”‚   tech_list = get_tech_list(st.session_state.tech_stack)         

    1048 â”‚   â”‚                                                                  

    1049 â”‚   â”‚   with st.form("smart_tracker_form"):                            

    1050 â”‚   â”‚   â”‚   # Form fields matching the desktop app                     

                                                                                

  /home/adminuser/venv/lib/python3.13/site-packages/streamlit/runtime/state/se  

  ssion_state_proxy.py:132 in __getattr__                                       

â”€â”€â”€â”€â”€â”€â”€â”€â”€â”€â”€â”€â”€â”€â”€â”€â”€â”€â”€â”€â”€â”€â”€â”€â”€â”€â”€â”€â”€â”€â”€â”€â”€â”€â”€â”€â”€â”€â”€â”€â”€â”€â”€â”€â”€â”€â”€â”€â”€â”€â”€â”€â”€â”€â”€â”€â”€â”€â”€â”€â”€â”€â”€â”€â”€â”€â”€â”€â”€â”€â”€â”€â”€â”€â”€â”€â”€â”€â”€â”€

AttributeError: st.session_state has no attribute "tech_stack". Did you forget 

to initialize it? More info: 

https://docs.streamlit.io/develop/concepts/architecture/session-state#initializa

tion

â”€â”€â”€â”€â”€â”€â”€â”€â”€â”€â”€â”€â”€â”€â”€â”€â”€â”€â”€â”€â”€â”€ Traceback (most recent call last) â”€â”€â”€â”€â”€â”€â”€â”€â”€â”€â”€â”€â”€â”€â”€â”€â”€â”€â”€â”€â”€â”€â”€

  /home/adminuser/venv/lib/python3.13/site-packages/streamlit/runtime/state/se  

  ssion_state.py:469 in __getitem__                                             

                                                                                

  /home/adminuser/venv/lib/python3.13/site-packages/streamlit/runtime/state/se  

  ssion_state.py:517 in _getitem                                                

â”€â”€â”€â”€â”€â”€â”€â”€â”€â”€â”€â”€â”€â”€â”€â”€â”€â”€â”€â”€â”€â”€â”€â”€â”€â”€â”€â”€â”€â”€â”€â”€â”€â”€â”€â”€â”€â”€â”€â”€â”€â”€â”€â”€â”€â”€â”€â”€â”€â”€â”€â”€â”€â”€â”€â”€â”€â”€â”€â”€â”€â”€â”€â”€â”€â”€â”€â”€â”€â”€â”€â”€â”€â”€â”€â”€â”€â”€â”€â”€

KeyError


During handling of the above exception, another exception occurred:


â”€â”€â”€â”€â”€â”€â”€â”€â”€â”€â”€â”€â”€â”€â”€â”€â”€â”€â”€â”€â”€â”€ Traceback (most recent call last) â”€â”€â”€â”€â”€â”€â”€â”€â”€â”€â”€â”€â”€â”€â”€â”€â”€â”€â”€â”€â”€â”€â”€

  /home/adminuser/venv/lib/python3.13/site-packages/streamlit/runtime/state/se  

  ssion_state_proxy.py:130 in __getattr__                                       

                                                                                

  /home/adminuser/venv/lib/python3.13/site-packages/streamlit/runtime/state/se  

  ssion_state_proxy.py:101 in __getitem__                                       

                                                                                

  /home/adminuser/venv/lib/python3.13/site-packages/streamlit/runtime/state/sa  

  fe_session_state.py:104 in __getitem__                                        

                                                                                

  /home/adminuser/venv/lib/python3.13/site-packages/streamlit/runtime/state/se  

  ssion_state.py:471 in __getitem__                                             

â”€â”€â”€â”€â”€â”€â”€â”€â”€â”€â”€â”€â”€â”€â”€â”€â”€â”€â”€â”€â”€â”€â”€â”€â”€â”€â”€â”€â”€â”€â”€â”€â”€â”€â”€â”€â”€â”€â”€â”€â”€â”€â”€â”€â”€â”€â”€â”€â”€â”€â”€â”€â”€â”€â”€â”€â”€â”€â”€â”€â”€â”€â”€â”€â”€â”€â”€â”€â”€â”€â”€â”€â”€â”€â”€â”€â”€â”€â”€â”€

KeyError: 'st.session_state has no key "tech_stack". Did you forget to 

initialize it? More info: 

https://docs.streamlit.io/develop/concepts/architecture/session-state#initializa

tion'


During handling of the above exception, another exception occurred:


â”€â”€â”€â”€â”€â”€â”€â”€â”€â”€â”€â”€â”€â”€â”€â”€â”€â”€â”€â”€â”€â”€ Traceback (most recent call last) â”€â”€â”€â”€â”€â”€â”€â”€â”€â”€â”€â”€â”€â”€â”€â”€â”€â”€â”€â”€â”€â”€â”€

  /home/adminuser/venv/lib/python3.13/site-packages/streamlit/runtime/scriptru  

  nner/exec_code.py:128 in exec_func_with_error_handling                        

                                                                                

  /home/adminuser/venv/lib/python3.13/site-packages/streamlit/runtime/scriptru  

  nner/script_runner.py:669 in code_to_exec                                     

                                                                                

  /mount/src/smart-tracker/smarttracker/app/app_streamlit.py:1374 in <module>   

                                                                                

    1371 â”‚   â”‚   show_planning_page()                                           

    1372                                                                        

    1373 if __name__ == "__main__":                                             

  â± 1374 â”‚   main()                                                             

    1375                                                                        

                                                                                

  /mount/src/smart-tracker/smarttracker/app/app_streamlit.py:1371 in main       

                                                                                

    1368 â”‚   elif st.session_state.current_page == "tech_stack":                

    1369 â”‚   â”‚   show_tech_stack_page()                                         

    1370 â”‚   elif st.session_state.current_page == "planning":                  

  â± 1371 â”‚   â”‚   show_planning_page()                                           

    1372                                                                        

    1373 if __name__ == "__main__":                                             

    1374 â”‚   main()                                                             

                                                                                

  /mount/src/smart-tracker/smarttracker/app/app_streamlit.py:904 in             

  show_planning_page                                                            

                                                                                

     901 â”‚   st.markdown("---")                                                 

     902 â”‚                                                                      

     903 â”‚   # Group technologies by category                                   

  â±  904 â”‚   tech_stack = st.session_state.tech_stack                           

     905 â”‚   learning_sessions = st.session_state.learning_sessions             

     906 â”‚                                                                      

     907 â”‚   if not tech_stack:                                                 

                                                                                

  /home/adminuser/venv/lib/python3.13/site-packages/streamlit/runtime/state/se  

  ssion_state_proxy.py:132 in __getattr__                                       

â”€â”€â”€â”€â”€â”€â”€â”€â”€â”€â”€â”€â”€â”€â”€â”€â”€â”€â”€â”€â”€â”€â”€â”€â”€â”€â”€â”€â”€â”€â”€â”€â”€â”€â”€â”€â”€â”€â”€â”€â”€â”€â”€â”€â”€â”€â”€â”€â”€â”€â”€â”€â”€â”€â”€â”€â”€â”€â”€â”€â”€â”€â”€â”€â”€â”€â”€â”€â”€â”€â”€â”€â”€â”€â”€â”€â”€â”€â”€â”€

AttributeError: st.session_state has no attribute "tech_stack". Did you forget 

to initialize it? More info: 

https://docs.streamlit.io/develop/concepts/architecture/session-state#initializa

tion

â”€â”€â”€â”€â”€â”€â”€â”€â”€â”€â”€â”€â”€â”€â”€â”€â”€â”€â”€â”€â”€â”€ Traceback (most recent call last) â”€â”€â”€â”€â”€â”€â”€â”€â”€â”€â”€â”€â”€â”€â”€â”€â”€â”€â”€â”€â”€â”€â”€

  /home/adminuser/venv/lib/python3.13/site-packages/streamlit/runtime/state/se  

  ssion_state.py:469 in __getitem__                                             

                                                                                

  /home/adminuser/venv/lib/python3.13/site-packages/streamlit/runtime/state/se  

  ssion_state.py:517 in _getitem                                                

â”€â”€â”€â”€â”€â”€â”€â”€â”€â”€â”€â”€â”€â”€â”€â”€â”€â”€â”€â”€â”€â”€â”€â”€â”€â”€â”€â”€â”€â”€â”€â”€â”€â”€â”€â”€â”€â”€â”€â”€â”€â”€â”€â”€â”€â”€â”€â”€â”€â”€â”€â”€â”€â”€â”€â”€â”€â”€â”€â”€â”€â”€â”€â”€â”€â”€â”€â”€â”€â”€â”€â”€â”€â”€â”€â”€â”€â”€â”€â”€

KeyError


During handling of the above exception, another exception occurred:


â”€â”€â”€â”€â”€â”€â”€â”€â”€â”€â”€â”€â”€â”€â”€â”€â”€â”€â”€â”€â”€â”€ Traceback (most recent call last) â”€â”€â”€â”€â”€â”€â”€â”€â”€â”€â”€â”€â”€â”€â”€â”€â”€â”€â”€â”€â”€â”€â”€

  /home/adminuser/venv/lib/python3.13/site-packages/streamlit/runtime/state/se  

  ssion_state_proxy.py:130 in __getattr__                                       

                                                                                

  /home/adminuser/venv/lib/python3.13/site-packages/streamlit/runtime/state/se  

  ssion_state_proxy.py:101 in __getitem__                                       

                                                                                

  /home/adminuser/venv/lib/python3.13/site-packages/streamlit/runtime/state/sa  

  fe_session_state.py:104 in __getitem__                                        

                                                                                

  /home/adminuser/venv/lib/python3.13/site-packages/streamlit/runtime/state/se  

  ssion_state.py:471 in __getitem__                                             

â”€â”€â”€â”€â”€â”€â”€â”€â”€â”€â”€â”€â”€â”€â”€â”€â”€â”€â”€â”€â”€â”€â”€â”€â”€â”€â”€â”€â”€â”€â”€â”€â”€â”€â”€â”€â”€â”€â”€â”€â”€â”€â”€â”€â”€â”€â”€â”€â”€â”€â”€â”€â”€â”€â”€â”€â”€â”€â”€â”€â”€â”€â”€â”€â”€â”€â”€â”€â”€â”€â”€â”€â”€â”€â”€â”€â”€â”€â”€â”€

KeyError: 'st.session_state has no key "tech_stack". Did you forget to 

initialize it? More info: 

https://docs.streamlit.io/develop/concepts/architecture/session-state#initializa

tion'


During handling of the above exception, another exception occurred:


â”€â”€â”€â”€â”€â”€â”€â”€â”€â”€â”€â”€â”€â”€â”€â”€â”€â”€â”€â”€â”€â”€ Traceback (most recent call last) â”€â”€â”€â”€â”€â”€â”€â”€â”€â”€â”€â”€â”€â”€â”€â”€â”€â”€â”€â”€â”€â”€â”€

  /home/adminuser/venv/lib/python3.13/site-packages/streamlit/runtime/scriptru  

  nner/exec_code.py:128 in exec_func_with_error_handling                        

                                                                                

  /home/adminuser/venv/lib/python3.13/site-packages/streamlit/runtime/scriptru  

  nner/script_runner.py:669 in code_to_exec                                     

                                                                                

  /mount/src/smart-tracker/smarttracker/app/app_streamlit.py:1374 in <module>   

                                                                                

    1371 â”‚   â”‚   show_planning_page()                                           

    1372                                                                        

    1373 if __name__ == "__main__":                                             

  â± 1374 â”‚   main()                                                             

    1375                                                                        

                                                                                

  /mount/src/smart-tracker/smarttracker/app/app_streamlit.py:1371 in main       

                                                                                

    1368 â”‚   elif st.session_state.current_page == "tech_stack":                

    1369 â”‚   â”‚   show_tech_stack_page()                                         

    1370 â”‚   elif st.session_state.current_page == "planning":                  

  â± 1371 â”‚   â”‚   show_planning_page()                                           

    1372                                                                        

    1373 if __name__ == "__main__":                                             

    1374 â”‚   main()                                                             

                                                                                

  /mount/src/smart-tracker/smarttracker/app/app_streamlit.py:904 in             

  show_planning_page                                                            

                                                                                

     901 â”‚   st.markdown("---")                                                 

     902 â”‚                                                                      

     903 â”‚   # Group technologies by category                                   

  â±  904 â”‚   tech_stack = st.session_state.tech_stack                           

     905 â”‚   learning_sessions = st.session_state.learning_sessions             

     906 â”‚                                                                      

     907 â”‚   if not tech_stack:                                                 

                                                                                

  /home/adminuser/venv/lib/python3.13/site-packages/streamlit/runtime/state/se  

  ssion_state_proxy.py:132 in __getattr__                                       

â”€â”€â”€â”€â”€â”€â”€â”€â”€â”€â”€â”€â”€â”€â”€â”€â”€â”€â”€â”€â”€â”€â”€â”€â”€â”€â”€â”€â”€â”€â”€â”€â”€â”€â”€â”€â”€â”€â”€â”€â”€â”€â”€â”€â”€â”€â”€â”€â”€â”€â”€â”€â”€â”€â”€â”€â”€â”€â”€â”€â”€â”€â”€â”€â”€â”€â”€â”€â”€â”€â”€â”€â”€â”€â”€â”€â”€â”€â”€â”€

AttributeError: st.session_state has no attribute "tech_stack". Did you forget 

to initialize it? More info: 

https://docs.streamlit.io/develop/concepts/architecture/session-state#initializa

tion

â”€â”€â”€â”€â”€â”€â”€â”€â”€â”€â”€â”€â”€â”€â”€â”€â”€â”€â”€â”€â”€â”€ Traceback (most recent call last) â”€â”€â”€â”€â”€â”€â”€â”€â”€â”€â”€â”€â”€â”€â”€â”€â”€â”€â”€â”€â”€â”€â”€

  /home/adminuser/venv/lib/python3.13/site-packages/streamlit/runtime/state/se  

  ssion_state.py:469 in __getitem__                                             

                                                                                

  /home/adminuser/venv/lib/python3.13/site-packages/streamlit/runtime/state/se  

  ssion_state.py:517 in _getitem                                                

â”€â”€â”€â”€â”€â”€â”€â”€â”€â”€â”€â”€â”€â”€â”€â”€â”€â”€â”€â”€â”€â”€â”€â”€â”€â”€â”€â”€â”€â”€â”€â”€â”€â”€â”€â”€â”€â”€â”€â”€â”€â”€â”€â”€â”€â”€â”€â”€â”€â”€â”€â”€â”€â”€â”€â”€â”€â”€â”€â”€â”€â”€â”€â”€â”€â”€â”€â”€â”€â”€â”€â”€â”€â”€â”€â”€â”€â”€â”€â”€

KeyError


During handling of the above exception, another exception occurred:


â”€â”€â”€â”€â”€â”€â”€â”€â”€â”€â”€â”€â”€â”€â”€â”€â”€â”€â”€â”€â”€â”€ Traceback (most recent call last) â”€â”€â”€â”€â”€â”€â”€â”€â”€â”€â”€â”€â”€â”€â”€â”€â”€â”€â”€â”€â”€â”€â”€

  /home/adminuser/venv/lib/python3.13/site-packages/streamlit/runtime/state/se  

  ssion_state_proxy.py:130 in __getattr__                                       

                                                                                

  /home/adminuser/venv/lib/python3.13/site-packages/streamlit/runtime/state/se  

  ssion_state_proxy.py:101 in __getitem__                                       

                                                                                

  /home/adminuser/venv/lib/python3.13/site-packages/streamlit/runtime/state/sa  

  fe_session_state.py:104 in __getitem__                                        

                                                                                

  /home/adminuser/venv/lib/python3.13/site-packages/streamlit/runtime/state/se  

  ssion_state.py:471 in __getitem__                                             

â”€â”€â”€â”€â”€â”€â”€â”€â”€â”€â”€â”€â”€â”€â”€â”€â”€â”€â”€â”€â”€â”€â”€â”€â”€â”€â”€â”€â”€â”€â”€â”€â”€â”€â”€â”€â”€â”€â”€â”€â”€â”€â”€â”€â”€â”€â”€â”€â”€â”€â”€â”€â”€â”€â”€â”€â”€â”€â”€â”€â”€â”€â”€â”€â”€â”€â”€â”€â”€â”€â”€â”€â”€â”€â”€â”€â”€â”€â”€â”€

KeyError: 'st.session_state has no key "tech_stack". Did you forget to 

initialize it? More info: 

https://docs.streamlit.io/develop/concepts/architecture/session-state#initializa

tion'


During handling of the above exception, another exception occurred:


â”€â”€â”€â”€â”€â”€â”€â”€â”€â”€â”€â”€â”€â”€â”€â”€â”€â”€â”€â”€â”€â”€ Traceback (most recent call last) â”€â”€â”€â”€â”€â”€â”€â”€â”€â”€â”€â”€â”€â”€â”€â”€â”€â”€â”€â”€â”€â”€â”€

  /home/adminuser/venv/lib/python3.13/site-packages/streamlit/runtime/scriptru  

  nner/exec_code.py:128 in exec_func_with_error_handling                        

                                                                                

  /home/adminuser/venv/lib/python3.13/site-packages/streamlit/runtime/scriptru  

  nner/script_runner.py:669 in code_to_exec                                     

                                                                                

  /mount/src/smart-tracker/smarttracker/app/app_streamlit.py:1374 in <module>   

                                                                                

    1371 â”‚   â”‚   show_planning_page()                                           

    1372                                                                        

    1373 if __name__ == "__main__":                                             

  â± 1374 â”‚   main()                                                             

    1375                                                                        

                                                                                

  /mount/src/smart-tracker/smarttracker/app/app_streamlit.py:1371 in main       

                                                                                

    1368 â”‚   elif st.session_state.current_page == "tech_stack":                

    1369 â”‚   â”‚   show_tech_stack_page()                                         

    1370 â”‚   elif st.session_state.current_page == "planning":                  

  â± 1371 â”‚   â”‚   show_planning_page()                                           

    1372                                                                        

    1373 if __name__ == "__main__":                                             

    1374 â”‚   main()                                                             

                                                                                

  /mount/src/smart-tracker/smarttracker/app/app_streamlit.py:904 in             

  show_planning_page                                                            

                                                                                

     901 â”‚   st.markdown("---")                                                 

     902 â”‚                                                                      

     903 â”‚   # Group technologies by category                                   

  â±  904 â”‚   tech_stack = st.session_state.tech_stack                           

     905 â”‚   learning_sessions = st.session_state.learning_sessions             

     906 â”‚                                                                      

     907 â”‚   if not tech_stack:                                                 

                                                                                

  /home/adminuser/venv/lib/python3.13/site-packages/streamlit/runtime/state/se  

  ssion_state_proxy.py:132 in __getattr__                                       

â”€â”€â”€â”€â”€â”€â”€â”€â”€â”€â”€â”€â”€â”€â”€â”€â”€â”€â”€â”€â”€â”€â”€â”€â”€â”€â”€â”€â”€â”€â”€â”€â”€â”€â”€â”€â”€â”€â”€â”€â”€â”€â”€â”€â”€â”€â”€â”€â”€â”€â”€â”€â”€â”€â”€â”€â”€â”€â”€â”€â”€â”€â”€â”€â”€â”€â”€â”€â”€â”€â”€â”€â”€â”€â”€â”€â”€â”€â”€â”€

AttributeError: st.session_state has no attribute "tech_stack". Did you forget 

to initialize it? More info: 

https://docs.streamlit.io/develop/concepts/architecture/session-state#initializa

tion

â”€â”€â”€â”€â”€â”€â”€â”€â”€â”€â”€â”€â”€â”€â”€â”€â”€â”€â”€â”€â”€â”€ Traceback (most recent call last) â”€â”€â”€â”€â”€â”€â”€â”€â”€â”€â”€â”€â”€â”€â”€â”€â”€â”€â”€â”€â”€â”€â”€

  /home/adminuser/venv/lib/python3.13/site-packages/streamlit/runtime/state/se  

  ssion_state.py:469 in __getitem__                                             

                                                                                

  /home/adminuser/venv/lib/python3.13/site-packages/streamlit/runtime/state/se  

  ssion_state.py:517 in _getitem                                                

â”€â”€â”€â”€â”€â”€â”€â”€â”€â”€â”€â”€â”€â”€â”€â”€â”€â”€â”€â”€â”€â”€â”€â”€â”€â”€â”€â”€â”€â”€â”€â”€â”€â”€â”€â”€â”€â”€â”€â”€â”€â”€â”€â”€â”€â”€â”€â”€â”€â”€â”€â”€â”€â”€â”€â”€â”€â”€â”€â”€â”€â”€â”€â”€â”€â”€â”€â”€â”€â”€â”€â”€â”€â”€â”€â”€â”€â”€â”€â”€

KeyError


During handling of the above exception, another exception occurred:


â”€â”€â”€â”€â”€â”€â”€â”€â”€â”€â”€â”€â”€â”€â”€â”€â”€â”€â”€â”€â”€â”€ Traceback (most recent call last) â”€â”€â”€â”€â”€â”€â”€â”€â”€â”€â”€â”€â”€â”€â”€â”€â”€â”€â”€â”€â”€â”€â”€

  /home/adminuser/venv/lib/python3.13/site-packages/streamlit/runtime/state/se  

  ssion_state_proxy.py:130 in __getattr__                                       

                                                                                

  /home/adminuser/venv/lib/python3.13/site-packages/streamlit/runtime/state/se  

  ssion_state_proxy.py:101 in __getitem__                                       

                                                                                

  /home/adminuser/venv/lib/python3.13/site-packages/streamlit/runtime/state/sa  

  fe_session_state.py:104 in __getitem__                                        

                                                                                

  /home/adminuser/venv/lib/python3.13/site-packages/streamlit/runtime/state/se  

  ssion_state.py:471 in __getitem__                                             

â”€â”€â”€â”€â”€â”€â”€â”€â”€â”€â”€â”€â”€â”€â”€â”€â”€â”€â”€â”€â”€â”€â”€â”€â”€â”€â”€â”€â”€â”€â”€â”€â”€â”€â”€â”€â”€â”€â”€â”€â”€â”€â”€â”€â”€â”€â”€â”€â”€â”€â”€â”€â”€â”€â”€â”€â”€â”€â”€â”€â”€â”€â”€â”€â”€â”€â”€â”€â”€â”€â”€â”€â”€â”€â”€â”€â”€â”€â”€â”€

KeyError: 'st.session_state has no key "tech_stack". Did you forget to 

initialize it? More info: 

https://docs.streamlit.io/develop/concepts/architecture/session-state#initializa

tion'


During handling of the above exception, another exception occurred:


â”€â”€â”€â”€â”€â”€â”€â”€â”€â”€â”€â”€â”€â”€â”€â”€â”€â”€â”€â”€â”€â”€ Traceback (most recent call last) â”€â”€â”€â”€â”€â”€â”€â”€â”€â”€â”€â”€â”€â”€â”€â”€â”€â”€â”€â”€â”€â”€â”€

  /home/adminuser/venv/lib/python3.13/site-packages/streamlit/runtime/scriptru  

  nner/exec_code.py:128 in exec_func_with_error_handling                        

                                                                                

  /home/adminuser/venv/lib/python3.13/site-packages/streamlit/runtime/scriptru  

  nner/script_runner.py:669 in code_to_exec                                     

                                                                                

  /mount/src/smart-tracker/smarttracker/app/app_streamlit.py:1374 in <module>   

                                                                                

    1371 â”‚   â”‚   show_planning_page()                                           

    1372                                                                        

    1373 if __name__ == "__main__":                                             

  â± 1374 â”‚   main()                                                             

    1375                                                                        

                                                                                

  /mount/src/smart-tracker/smarttracker/app/app_streamlit.py:1371 in main       

                                                                                

    1368 â”‚   elif st.session_state.current_page == "tech_stack":                

    1369 â”‚   â”‚   show_tech_stack_page()                                         

    1370 â”‚   elif st.session_state.current_page == "planning":                  

  â± 1371 â”‚   â”‚   show_planning_page()                                           

    1372                                                                        

    1373 if __name__ == "__main__":                                             

    1374 â”‚   main()                                                             

                                                                                

  /mount/src/smart-tracker/smarttracker/app/app_streamlit.py:904 in             

  show_planning_page                                                            

                                                                                

     901 â”‚   st.markdown("---")                                                 

     902 â”‚                                                                      

     903 â”‚   # Group technologies by category                                   

  â±  904 â”‚   tech_stack = st.session_state.tech_stack                           

     905 â”‚   learning_sessions = st.session_state.learning_sessions             

     906 â”‚                                                                      

     907 â”‚   if not tech_stack:                                                 

                                                                                

  /home/adminuser/venv/lib/python3.13/site-packages/streamlit/runtime/state/se  

  ssion_state_proxy.py:132 in __getattr__                                       

â”€â”€â”€â”€â”€â”€â”€â”€â”€â”€â”€â”€â”€â”€â”€â”€â”€â”€â”€â”€â”€â”€â”€â”€â”€â”€â”€â”€â”€â”€â”€â”€â”€â”€â”€â”€â”€â”€â”€â”€â”€â”€â”€â”€â”€â”€â”€â”€â”€â”€â”€â”€â”€â”€â”€â”€â”€â”€â”€â”€â”€â”€â”€â”€â”€â”€â”€â”€â”€â”€â”€â”€â”€â”€â”€â”€â”€â”€â”€â”€

AttributeError: st.session_state has no attribute "tech_stack". Did you forget 

to initialize it? More info: 

https://docs.streamlit.io/develop/concepts/architecture/session-state#initializa

tion

â”€â”€â”€â”€â”€â”€â”€â”€â”€â”€â”€â”€â”€â”€â”€â”€â”€â”€â”€â”€â”€â”€ Traceback (most recent call last) â”€â”€â”€â”€â”€â”€â”€â”€â”€â”€â”€â”€â”€â”€â”€â”€â”€â”€â”€â”€â”€â”€â”€

  /home/adminuser/venv/lib/python3.13/site-packages/streamlit/runtime/state/se  

  ssion_state.py:469 in __getitem__                                             

                                                                                

  /home/adminuser/venv/lib/python3.13/site-packages/streamlit/runtime/state/se  

  ssion_state.py:517 in _getitem                                                

â”€â”€â”€â”€â”€â”€â”€â”€â”€â”€â”€â”€â”€â”€â”€â”€â”€â”€â”€â”€â”€â”€â”€â”€â”€â”€â”€â”€â”€â”€â”€â”€â”€â”€â”€â”€â”€â”€â”€â”€â”€â”€â”€â”€â”€â”€â”€â”€â”€â”€â”€â”€â”€â”€â”€â”€â”€â”€â”€â”€â”€â”€â”€â”€â”€â”€â”€â”€â”€â”€â”€â”€â”€â”€â”€â”€â”€â”€â”€â”€

KeyError


During handling of the above exception, another exception occurred:


â”€â”€â”€â”€â”€â”€â”€â”€â”€â”€â”€â”€â”€â”€â”€â”€â”€â”€â”€â”€â”€â”€ Traceback (most recent call last) â”€â”€â”€â”€â”€â”€â”€â”€â”€â”€â”€â”€â”€â”€â”€â”€â”€â”€â”€â”€â”€â”€â”€

  /home/adminuser/venv/lib/python3.13/site-packages/streamlit/runtime/state/se  

  ssion_state_proxy.py:130 in __getattr__                                       

                                                                                

  /home/adminuser/venv/lib/python3.13/site-packages/streamlit/runtime/state/se  

  ssion_state_proxy.py:101 in __getitem__                                       

                                                                                

  /home/adminuser/venv/lib/python3.13/site-packages/streamlit/runtime/state/sa  

  fe_session_state.py:104 in __getitem__                                        

                                                                                

  /home/adminuser/venv/lib/python3.13/site-packages/streamlit/runtime/state/se  

  ssion_state.py:471 in __getitem__                                             

â”€â”€â”€â”€â”€â”€â”€â”€â”€â”€â”€â”€â”€â”€â”€â”€â”€â”€â”€â”€â”€â”€â”€â”€â”€â”€â”€â”€â”€â”€â”€â”€â”€â”€â”€â”€â”€â”€â”€â”€â”€â”€â”€â”€â”€â”€â”€â”€â”€â”€â”€â”€â”€â”€â”€â”€â”€â”€â”€â”€â”€â”€â”€â”€â”€â”€â”€â”€â”€â”€â”€â”€â”€â”€â”€â”€â”€â”€â”€â”€

KeyError: 'st.session_state has no key "tech_stack". Did you forget to 

initialize it? More info: 

https://docs.streamlit.io/develop/concepts/architecture/session-state#initializa

tion'


During handling of the above exception, another exception occurred:


â”€â”€â”€â”€â”€â”€â”€â”€â”€â”€â”€â”€â”€â”€â”€â”€â”€â”€â”€â”€â”€â”€ Traceback (most recent call last) â”€â”€â”€â”€â”€â”€â”€â”€â”€â”€â”€â”€â”€â”€â”€â”€â”€â”€â”€â”€â”€â”€â”€

  /home/adminuser/venv/lib/python3.13/site-packages/streamlit/runtime/scriptru  

  nner/exec_code.py:128 in exec_func_with_error_handling                        

                                                                                

  /home/adminuser/venv/lib/python3.13/site-packages/streamlit/runtime/scriptru  

  nner/script_runner.py:669 in code_to_exec                                     

                                                                                

  /mount/src/smart-tracker/smarttracker/app/app_streamlit.py:1374 in <module>   

                                                                                

    1371 â”‚   â”‚   show_planning_page()                                           

    1372                                                                        

    1373 if __name__ == "__main__":                                             

  â± 1374 â”‚   main()                                                             

    1375                                                                        

                                                                                

  /mount/src/smart-tracker/smarttracker/app/app_streamlit.py:1367 in main       

                                                                                

    1364 â”‚   elif st.session_state.current_page == "clean_dashboard":           

    1365 â”‚   â”‚   show_clean_dashboard()                                         

    1366 â”‚   elif st.session_state.current_page == "learning_tracker":          

  â± 1367 â”‚   â”‚   show_learning_tracker()                                        

    1368 â”‚   elif st.session_state.current_page == "tech_stack":                

    1369 â”‚   â”‚   show_tech_stack_page()                                         

    1370 â”‚   elif st.session_state.current_page == "planning":                  

                                                                                

  /mount/src/smart-tracker/smarttracker/app/app_streamlit.py:1047 in            

  show_learning_tracker                                                         

                                                                                

    1044 â”‚   â”‚   â”‚   â”‚   â”‚   st.error("Please enter a category name.")          

    1045 â”‚   â”‚                                                                  

    1046 â”‚   â”‚   # Get available technologies from tech stack                   

  â± 1047 â”‚   â”‚   tech_list = get_tech_list(st.session_state.tech_stack)         

    1048 â”‚   â”‚                                                                  

    1049 â”‚   â”‚   with st.form("smart_tracker_form"):                            

    1050 â”‚   â”‚   â”‚   # Form fields matching the desktop app                     

                                                                                

  /home/adminuser/venv/lib/python3.13/site-packages/streamlit/runtime/state/se  

  ssion_state_proxy.py:132 in __getattr__                                       

â”€â”€â”€â”€â”€â”€â”€â”€â”€â”€â”€â”€â”€â”€â”€â”€â”€â”€â”€â”€â”€â”€â”€â”€â”€â”€â”€â”€â”€â”€â”€â”€â”€â”€â”€â”€â”€â”€â”€â”€â”€â”€â”€â”€â”€â”€â”€â”€â”€â”€â”€â”€â”€â”€â”€â”€â”€â”€â”€â”€â”€â”€â”€â”€â”€â”€â”€â”€â”€â”€â”€â”€â”€â”€â”€â”€â”€â”€â”€â”€

AttributeError: st.session_state has no attribute "tech_stack". Did you forget 

to initialize it? More info: 

https://docs.streamlit.io/develop/concepts/architecture/session-state#initializa

tion

[00:38:11] ğŸ™ Pulling code changes from Github...

[00:38:12] ğŸ“¦ Processing dependencies...

[00:38:12] ğŸ“¦ Processed dependencies!

[00:38:13] ğŸ”„ Updated app!

[01:13:33] ğŸ™ Pulling code changes from Github...

[01:13:34] â—ï¸ The main module file does not exist: /mount/src/smart-tracker/smarttracker/app/app_streamlit.py

2025-10-09 01:13:39.071 Script compilation error

Traceback (most recent call last):

  File "/home/adminuser/venv/lib/python3.13/site-packages/streamlit/runtime/scriptrunner/script_runner.py", line 571, in _run_script

    code = self._script_cache.get_bytecode(script_path)

  File "/home/adminuser/venv/lib/python3.13/site-packages/streamlit/runtime/scriptrunner/script_cache.py", line 68, in get_bytecode

    with open_python_file(script_path) as f:

         ~~~~~~~~~~~~~~~~^^^^^^^^^^^^^

  File "/home/adminuser/venv/lib/python3.13/site-packages/streamlit/source_util.py", line 54, in open_python_file

    return tokenize.open(filename)

           ~~~~~~~~~~~~~^^^^^^^^^^

  File "/usr/local/lib/python3.13/tokenize.py", line 455, in open

    buffer = _builtin_open(filename, 'rb')

FileNotFoundError: [Errno 2] No such file or directory: '/mount/src/smart-tracker/smarttracker/app/app_streamlit.py'

2025-10-09 01:13:39.074 Thread 'MainThread': missing ScriptRunContext! This warning can be ignored when running in bare mode.

[01:13:39] â—ï¸ Main module does not exist

[01:13:44] â—ï¸ Main module does not exist

[01:13:49] â—ï¸ Main module does not exist

[01:13:54] â—ï¸ Main module does not exist

[01:13:59] â—ï¸ Main module does not exist

[01:14:04] â—ï¸ Main module does not exist

[01:14:09] â—ï¸ Main module does not exist

[01:14:14] â—ï¸ Main module does not exist

[01:14:19] â—ï¸ Main module does not exist

[01:14:24] â—ï¸ Main module does not exist

[01:14:29] â—ï¸ Main module does not exist

[01:14:34] â—ï¸ Main module does not exist

[01:14:39] â—ï¸ Main module does not exist

[01:14:44] â—ï¸ Main module does not exist

[01:14:49] â—ï¸ Main module does not exist